#
# There is insufficient memory for the Java Runtime Environment to continue.
# Native memory allocation (malloc) failed to allocate 1146256 bytes for Chunk::new
# Possible reasons:
#   The system is out of physical RAM or swap space
#   The process is running with CompressedOops enabled, and the Java Heap may be blocking the growth of the native heap
# Possible solutions:
#   Reduce memory load on the system
#   Increase physical memory or swap space
#   Check if swap backing store is full
#   Decrease Java heap size (-Xmx/-Xms)
#   Decrease number of Java threads
#   Decrease Java thread stack sizes (-Xss)
#   Set larger code cache with -XX:ReservedCodeCacheSize=
#   JVM is running with Zero Based Compressed Oops mode in which the Java heap is
#     placed in the first 32GB address space. The Java Heap base address is the
#     maximum limit for the native heap growth. Please use -XX:HeapBaseMinAddress
#     to set the Java Heap base and to place the Java Heap above 32GB virtual address.
# This output file may be truncated or incomplete.
#
#  Out of Memory Error (src/hotspot/share/memory/arena.cpp:197), pid=19960, tid=15800
#
# JRE version: OpenJDK Runtime Environment (11.0.15) (build 11.0.15+0-b2043.56-8887301)
# Java VM: OpenJDK 64-Bit Server VM (11.0.15+0-b2043.56-8887301, mixed mode, tiered, compressed oops, g1 gc, windows-amd64)
# No core dump will be written. Minidumps are not enabled by default on client versions of Windows
#

---------------  S U M M A R Y ------------

Command Line: org.jetbrains.kotlin.cli.jvm.K2JVMCompiler @E:\bIANCHENG\Project\Android\AndroidBigHomeWork\app\build\20230531_220599171738096031.compiler.options

Host: AMD Ryzen 7 4800H with Radeon Graphics         , 16 cores, 15G,  Windows 11 , 64 bit Build 22621 (10.0.22621.1635)
Time: Wed May 31 10:57:22 2023  Windows 11 , 64 bit Build 22621 (10.0.22621.1635) elapsed time: 23.887690 seconds (0d 0h 0m 23s)

---------------  T H R E A D  ---------------

Current thread (0x000001cd3f7ff000):  JavaThread "C2 CompilerThread2" daemon [_thread_in_native, id=15800, stack(0x0000004b54c00000,0x0000004b54d00000)]


Current CompileTask:
C2:  23887 17911       4       androidx.compose.compiler.plugins.kotlin.lower.DeepCopyIrTreeWithSymbolsPreservingMetadata::needsComposableRemapping (103 bytes)

Stack: [0x0000004b54c00000,0x0000004b54d00000]
Native frames: (J=compiled Java code, j=interpreted, Vv=VM code, C=native code)
V  [jvm.dll+0x64135a]
V  [jvm.dll+0x7d39f9]
V  [jvm.dll+0x7d51b9]
V  [jvm.dll+0x7d58a3]
V  [jvm.dll+0x2691c5]
V  [jvm.dll+0xc1a5c]
V  [jvm.dll+0xc200c]
V  [jvm.dll+0x3774a7]
V  [jvm.dll+0x1b3732]
V  [jvm.dll+0x22163e]
V  [jvm.dll+0x220498]
V  [jvm.dll+0x19e851]
V  [jvm.dll+0x230479]
V  [jvm.dll+0x22e5ef]
V  [jvm.dll+0x794de1]
V  [jvm.dll+0x78dc24]
V  [jvm.dll+0x6400f6]
C  [ucrtbase.dll+0x29363]
C  [KERNEL32.DLL+0x126ad]
C  [ntdll.dll+0x5a9f8]


---------------  P R O C E S S  ---------------

Threads class SMR info:
_java_thread_list=0x000001cd47d08d40, length=20, elements={
0x000001cd1d722000, 0x000001cd3ed22800, 0x000001cd3ed2b800, 0x000001cd3f64c000,
0x000001cd3f64d000, 0x000001cd3f64e000, 0x000001cd3f653800, 0x000001cd3f655800,
0x000001cd3f65a000, 0x000001cd3f7cb800, 0x000001cd3f7e6800, 0x000001cd3f7fe800,
0x000001cd3f7ff000, 0x000001cd3fcea800, 0x000001cd3fbe0800, 0x000001cd4237e000,
0x000001cd43c8f000, 0x000001cd484ae000, 0x000001cd47c81000, 0x000001cd42835000
}

Java Threads: ( => current thread )
  0x000001cd1d722000 JavaThread "main" [_thread_in_Java, id=11224, stack(0x0000004b53900000,0x0000004b53a00000)]
  0x000001cd3ed22800 JavaThread "Reference Handler" daemon [_thread_blocked, id=12832, stack(0x0000004b54000000,0x0000004b54100000)]
  0x000001cd3ed2b800 JavaThread "Finalizer" daemon [_thread_blocked, id=17928, stack(0x0000004b54100000,0x0000004b54200000)]
  0x000001cd3f64c000 JavaThread "Signal Dispatcher" daemon [_thread_blocked, id=10884, stack(0x0000004b54200000,0x0000004b54300000)]
  0x000001cd3f64d000 JavaThread "Attach Listener" daemon [_thread_blocked, id=16744, stack(0x0000004b54300000,0x0000004b54400000)]
  0x000001cd3f64e000 JavaThread "Service Thread" daemon [_thread_blocked, id=12324, stack(0x0000004b54400000,0x0000004b54500000)]
  0x000001cd3f653800 JavaThread "C2 CompilerThread0" daemon [_thread_in_native, id=4972, stack(0x0000004b54500000,0x0000004b54600000)]
  0x000001cd3f655800 JavaThread "C1 CompilerThread0" daemon [_thread_blocked, id=7264, stack(0x0000004b54600000,0x0000004b54700000)]
  0x000001cd3f65a000 JavaThread "Sweeper thread" daemon [_thread_blocked, id=19984, stack(0x0000004b54700000,0x0000004b54800000)]
  0x000001cd3f7cb800 JavaThread "Common-Cleaner" daemon [_thread_blocked, id=13128, stack(0x0000004b54900000,0x0000004b54a00000)]
  0x000001cd3f7e6800 JavaThread "C1 CompilerThread1" daemon [_thread_blocked, id=6296, stack(0x0000004b54a00000,0x0000004b54b00000)]
  0x000001cd3f7fe800 JavaThread "C2 CompilerThread1" daemon [_thread_in_native, id=21944, stack(0x0000004b54b00000,0x0000004b54c00000)]
=>0x000001cd3f7ff000 JavaThread "C2 CompilerThread2" daemon [_thread_in_native, id=15800, stack(0x0000004b54c00000,0x0000004b54d00000)]
  0x000001cd3fcea800 JavaThread "C1 CompilerThread2" daemon [_thread_blocked, id=17616, stack(0x0000004b54d00000,0x0000004b54e00000)]
  0x000001cd3fbe0800 JavaThread "C1 CompilerThread3" daemon [_thread_blocked, id=22360, stack(0x0000004b54e00000,0x0000004b54f00000)]
  0x000001cd4237e000 JavaThread "C2 CompilerThread3" daemon [_thread_in_native, id=16704, stack(0x0000004b55500000,0x0000004b55600000)]
  0x000001cd43c8f000 JavaThread "C2 CompilerThread4" daemon [_thread_in_native, id=1228, stack(0x0000004b55600000,0x0000004b55700000)]
  0x000001cd484ae000 JavaThread "C2 CompilerThread5" daemon [_thread_in_native, id=5636, stack(0x0000004b55700000,0x0000004b55800000)]
  0x000001cd47c81000 JavaThread "C2 CompilerThread6" daemon [_thread_in_native, id=3328, stack(0x0000004b55800000,0x0000004b55900000)]
  0x000001cd42835000 JavaThread "C2 CompilerThread7" daemon [_thread_in_native, id=14776, stack(0x0000004b55900000,0x0000004b55a00000)]

Other Threads:
  0x000001cd3f5e8800 VMThread "VM Thread" [stack: 0x0000004b53f00000,0x0000004b54000000] [id=20624]
  0x000001cd3f7c4800 WatcherThread [stack: 0x0000004b54800000,0x0000004b54900000] [id=10064]
  0x000001cd1d739000 GCTaskThread "GC Thread#0" [stack: 0x0000004b53a00000,0x0000004b53b00000] [id=21000]
  0x000001cd3fa9a800 GCTaskThread "GC Thread#1" [stack: 0x0000004b54f00000,0x0000004b55000000] [id=7172]
  0x000001cd3f9ff800 GCTaskThread "GC Thread#2" [stack: 0x0000004b55000000,0x0000004b55100000] [id=16328]
  0x000001cd3fa00000 GCTaskThread "GC Thread#3" [stack: 0x0000004b55100000,0x0000004b55200000] [id=13804]
  0x000001cd3fa00800 GCTaskThread "GC Thread#4" [stack: 0x0000004b55200000,0x0000004b55300000] [id=5592]
  0x000001cd44877800 GCTaskThread "GC Thread#5" [stack: 0x0000004b55a00000,0x0000004b55b00000] [id=15036]
  0x000001cd44b07000 GCTaskThread "GC Thread#6" [stack: 0x0000004b55b00000,0x0000004b55c00000] [id=14904]
  0x000001cd1d796800 ConcurrentGCThread "G1 Main Marker" [stack: 0x0000004b53b00000,0x0000004b53c00000] [id=3788]
  0x000001cd1d79b000 ConcurrentGCThread "G1 Conc#0" [stack: 0x0000004b53c00000,0x0000004b53d00000] [id=17544]
  0x000001cd414db000 ConcurrentGCThread "G1 Conc#1" [stack: 0x0000004b55300000,0x0000004b55400000] [id=1220]
  0x000001cd412df800 ConcurrentGCThread "G1 Conc#2" [stack: 0x0000004b55400000,0x0000004b55500000] [id=16876]
  0x000001cd3ec0f800 ConcurrentGCThread "G1 Refine#0" [stack: 0x0000004b53d00000,0x0000004b53e00000] [id=21728]
  0x000001cd47847800 ConcurrentGCThread "G1 Refine#1" [stack: 0x0000004b55c00000,0x0000004b55d00000] [id=3012]
  0x000001cd47846800 ConcurrentGCThread "G1 Refine#2" [stack: 0x0000004b55d00000,0x0000004b55e00000] [id=15520]
  0x000001cd47848000 ConcurrentGCThread "G1 Refine#3" [stack: 0x0000004b55e00000,0x0000004b55f00000] [id=15896]
  0x000001cd47844800 ConcurrentGCThread "G1 Refine#4" [stack: 0x0000004b55f00000,0x0000004b56000000] [id=21036]
  0x000001cd47849000 ConcurrentGCThread "G1 Refine#5" [stack: 0x0000004b56000000,0x0000004b56100000] [id=21696]
  0x000001cd40c54000 ConcurrentGCThread "G1 Refine#6" [stack: 0x0000004b56100000,0x0000004b56200000] [id=18268]
  0x000001cd3ec13800 ConcurrentGCThread "G1 Young RemSet Sampling" [stack: 0x0000004b53e00000,0x0000004b53f00000] [id=13648]

Threads with active compile tasks:
C2 CompilerThread0    23915 18261       4       org.jetbrains.kotlin.ir.util.IrUtilsKt::getFqNameWhenAvailable (77 bytes)
C2 CompilerThread1    23916 17718       4       androidx.compose.compiler.plugins.kotlin.lower.ComposerTypeRemapper::remapType (763 bytes)
C2 CompilerThread2    23916 17911       4       androidx.compose.compiler.plugins.kotlin.lower.DeepCopyIrTreeWithSymbolsPreservingMetadata::needsComposableRemapping (103 bytes)
C2 CompilerThread3    23916 18268       4       androidx.compose.compiler.plugins.kotlin.lower.ComposableTargetAnnotationsTransformer::isComposableLambda (175 bytes)
C2 CompilerThread4    23916 18129       4       org.jetbrains.kotlin.load.kotlin.DescriptorBasedTypeSignatureMappingKt::mapType (895 bytes)
C2 CompilerThread5    23916 18130       4       org.jetbrains.kotlin.load.kotlin.TypeSignatureMappingKt::mapBuiltInType (339 bytes)
C2 CompilerThread6    23916 18265       4       androidx.compose.compiler.plugins.kotlin.lower.ComposableTargetAnnotationsTransformerKt::samOwnerOrNull (172 bytes)
C2 CompilerThread7    23917 17720       4       androidx.compose.compiler.plugins.kotlin.lower.ComposerTypeRemapper::underlyingRemapType (327 bytes)

VM state:not at safepoint (normal execution)

VM Mutex/Monitor currently owned by a thread: None

Heap address: 0x000000070a000000, size: 3936 MB, Compressed Oops mode: Zero based, Oop shift amount: 3
Narrow klass base: 0x0000000800000000, Narrow klass shift: 0
Compressed class space size: 1073741824 Address: 0x0000000800000000

Heap:
 garbage-first heap   total 303104K, used 175432K [0x000000070a000000, 0x0000000800000000)
  region size 1024K, 46 young (47104K), 14 survivors (14336K)
 Metaspace       used 79714K, capacity 80569K, committed 80896K, reserved 1122304K
  class space    used 8236K, capacity 8607K, committed 8704K, reserved 1048576K
Heap Regions: E=young(eden), S=young(survivor), O=old, HS=humongous(starts), HC=humongous(continues), CS=collection set, F=free, A=archive, TAMS=top-at-mark-start (previous, next)
|   0|0x000000070a000000, 0x000000070a100000, 0x000000070a100000|100%|HS|  |TAMS 0x000000070a100000, 0x000000070a000000| Complete 
|   1|0x000000070a100000, 0x000000070a200000, 0x000000070a200000|100%|HC|  |TAMS 0x000000070a200000, 0x000000070a100000| Complete 
|   2|0x000000070a200000, 0x000000070a300000, 0x000000070a300000|100%|HC|  |TAMS 0x000000070a300000, 0x000000070a200000| Complete 
|   3|0x000000070a300000, 0x000000070a400000, 0x000000070a400000|100%|HC|  |TAMS 0x000000070a400000, 0x000000070a300000| Complete 
|   4|0x000000070a400000, 0x000000070a500000, 0x000000070a500000|100%| O|  |TAMS 0x000000070a500000, 0x000000070a400000| Untracked 
|   5|0x000000070a500000, 0x000000070a5ffff8, 0x000000070a600000| 99%| O|  |TAMS 0x000000070a5ffff8, 0x000000070a500000| Untracked 
|   6|0x000000070a600000, 0x000000070a700000, 0x000000070a700000|100%|HS|  |TAMS 0x000000070a700000, 0x000000070a600000| Complete 
|   7|0x000000070a700000, 0x000000070a800000, 0x000000070a800000|100%|HC|  |TAMS 0x000000070a800000, 0x000000070a700000| Complete 
|   8|0x000000070a800000, 0x000000070a900000, 0x000000070a900000|100%|HC|  |TAMS 0x000000070a900000, 0x000000070a800000| Complete 
|   9|0x000000070a900000, 0x000000070aa00000, 0x000000070aa00000|100%|HC|  |TAMS 0x000000070aa00000, 0x000000070a900000| Complete 
|  10|0x000000070aa00000, 0x000000070ab00000, 0x000000070ab00000|100%| O|  |TAMS 0x000000070aa00000, 0x000000070aa00000| Untracked 
|  11|0x000000070ab00000, 0x000000070ac00000, 0x000000070ac00000|100%| O|  |TAMS 0x000000070ab00000, 0x000000070ab00000| Untracked 
|  12|0x000000070ac00000, 0x000000070ad00000, 0x000000070ad00000|100%| O|  |TAMS 0x000000070ad00000, 0x000000070ac00000| Untracked 
|  13|0x000000070ad00000, 0x000000070ae00000, 0x000000070ae00000|100%| O|  |TAMS 0x000000070ae00000, 0x000000070ad00000| Untracked 
|  14|0x000000070ae00000, 0x000000070af00000, 0x000000070af00000|100%| O|  |TAMS 0x000000070af00000, 0x000000070ae00000| Untracked 
|  15|0x000000070af00000, 0x000000070b000000, 0x000000070b000000|100%| O|  |TAMS 0x000000070b000000, 0x000000070af00000| Untracked 
|  16|0x000000070b000000, 0x000000070b100000, 0x000000070b100000|100%| O|  |TAMS 0x000000070b100000, 0x000000070b000000| Untracked 
|  17|0x000000070b100000, 0x000000070b200000, 0x000000070b200000|100%| O|  |TAMS 0x000000070b200000, 0x000000070b100000| Untracked 
|  18|0x000000070b200000, 0x000000070b300000, 0x000000070b300000|100%| O|  |TAMS 0x000000070b300000, 0x000000070b200000| Untracked 
|  19|0x000000070b300000, 0x000000070b400000, 0x000000070b400000|100%| O|  |TAMS 0x000000070b400000, 0x000000070b300000| Untracked 
|  20|0x000000070b400000, 0x000000070b500000, 0x000000070b500000|100%| O|  |TAMS 0x000000070b500000, 0x000000070b400000| Untracked 
|  21|0x000000070b500000, 0x000000070b600000, 0x000000070b600000|100%| O|  |TAMS 0x000000070b600000, 0x000000070b500000| Untracked 
|  22|0x000000070b600000, 0x000000070b700000, 0x000000070b700000|100%| O|  |TAMS 0x000000070b700000, 0x000000070b600000| Untracked 
|  23|0x000000070b700000, 0x000000070b800000, 0x000000070b800000|100%| O|  |TAMS 0x000000070b800000, 0x000000070b700000| Untracked 
|  24|0x000000070b800000, 0x000000070b900000, 0x000000070b900000|100%| O|  |TAMS 0x000000070b900000, 0x000000070b800000| Untracked 
|  25|0x000000070b900000, 0x000000070ba00000, 0x000000070ba00000|100%| O|  |TAMS 0x000000070ba00000, 0x000000070b900000| Untracked 
|  26|0x000000070ba00000, 0x000000070bb00000, 0x000000070bb00000|100%| O|  |TAMS 0x000000070bb00000, 0x000000070ba00000| Untracked 
|  27|0x000000070bb00000, 0x000000070bc00000, 0x000000070bc00000|100%| O|  |TAMS 0x000000070bc00000, 0x000000070bb00000| Untracked 
|  28|0x000000070bc00000, 0x000000070bd00000, 0x000000070bd00000|100%| O|  |TAMS 0x000000070bd00000, 0x000000070bc00000| Untracked 
|  29|0x000000070bd00000, 0x000000070be00000, 0x000000070be00000|100%| O|  |TAMS 0x000000070be00000, 0x000000070bd00000| Untracked 
|  30|0x000000070be00000, 0x000000070bf00000, 0x000000070bf00000|100%|HS|  |TAMS 0x000000070bf00000, 0x000000070be00000| Complete 
|  31|0x000000070bf00000, 0x000000070c000000, 0x000000070c000000|100%|HC|  |TAMS 0x000000070c000000, 0x000000070bf00000| Complete 
|  32|0x000000070c000000, 0x000000070c100000, 0x000000070c100000|100%| O|  |TAMS 0x000000070c100000, 0x000000070c000000| Untracked 
|  33|0x000000070c100000, 0x000000070c200000, 0x000000070c200000|100%| O|  |TAMS 0x000000070c200000, 0x000000070c100000| Untracked 
|  34|0x000000070c200000, 0x000000070c300000, 0x000000070c300000|100%| O|  |TAMS 0x000000070c300000, 0x000000070c200000| Untracked 
|  35|0x000000070c300000, 0x000000070c400000, 0x000000070c400000|100%| O|  |TAMS 0x000000070c400000, 0x000000070c300000| Untracked 
|  36|0x000000070c400000, 0x000000070c500000, 0x000000070c500000|100%| O|  |TAMS 0x000000070c500000, 0x000000070c400000| Untracked 
|  37|0x000000070c500000, 0x000000070c600000, 0x000000070c600000|100%| O|  |TAMS 0x000000070c600000, 0x000000070c500000| Untracked 
|  38|0x000000070c600000, 0x000000070c700000, 0x000000070c700000|100%| O|  |TAMS 0x000000070c700000, 0x000000070c600000| Untracked 
|  39|0x000000070c700000, 0x000000070c800000, 0x000000070c800000|100%| O|  |TAMS 0x000000070c800000, 0x000000070c700000| Untracked 
|  40|0x000000070c800000, 0x000000070c900000, 0x000000070c900000|100%| O|  |TAMS 0x000000070c900000, 0x000000070c800000| Untracked 
|  41|0x000000070c900000, 0x000000070ca00000, 0x000000070ca00000|100%| O|  |TAMS 0x000000070ca00000, 0x000000070c900000| Untracked 
|  42|0x000000070ca00000, 0x000000070cb00000, 0x000000070cb00000|100%| O|  |TAMS 0x000000070cb00000, 0x000000070ca00000| Untracked 
|  43|0x000000070cb00000, 0x000000070cc00000, 0x000000070cc00000|100%| O|  |TAMS 0x000000070cc00000, 0x000000070cb00000| Untracked 
|  44|0x000000070cc00000, 0x000000070cd00000, 0x000000070cd00000|100%| O|  |TAMS 0x000000070cd00000, 0x000000070cc00000| Untracked 
|  45|0x000000070cd00000, 0x000000070ce00000, 0x000000070ce00000|100%| O|  |TAMS 0x000000070ce00000, 0x000000070cd00000| Untracked 
|  46|0x000000070ce00000, 0x000000070cf00000, 0x000000070cf00000|100%| O|  |TAMS 0x000000070cf00000, 0x000000070ce00000| Untracked 
|  47|0x000000070cf00000, 0x000000070d000000, 0x000000070d000000|100%| O|  |TAMS 0x000000070d000000, 0x000000070cf00000| Untracked 
|  48|0x000000070d000000, 0x000000070d100000, 0x000000070d100000|100%| O|  |TAMS 0x000000070d100000, 0x000000070d000000| Untracked 
|  49|0x000000070d100000, 0x000000070d200000, 0x000000070d200000|100%| O|  |TAMS 0x000000070d200000, 0x000000070d100000| Untracked 
|  50|0x000000070d200000, 0x000000070d300000, 0x000000070d300000|100%| O|  |TAMS 0x000000070d300000, 0x000000070d200000| Untracked 
|  51|0x000000070d300000, 0x000000070d400000, 0x000000070d400000|100%| O|  |TAMS 0x000000070d400000, 0x000000070d300000| Untracked 
|  52|0x000000070d400000, 0x000000070d500000, 0x000000070d500000|100%| O|  |TAMS 0x000000070d500000, 0x000000070d400000| Untracked 
|  53|0x000000070d500000, 0x000000070d600000, 0x000000070d600000|100%| O|  |TAMS 0x000000070d600000, 0x000000070d500000| Untracked 
|  54|0x000000070d600000, 0x000000070d700000, 0x000000070d700000|100%| O|  |TAMS 0x000000070d700000, 0x000000070d600000| Untracked 
|  55|0x000000070d700000, 0x000000070d800000, 0x000000070d800000|100%| O|  |TAMS 0x000000070d800000, 0x000000070d700000| Untracked 
|  56|0x000000070d800000, 0x000000070d900000, 0x000000070d900000|100%| O|  |TAMS 0x000000070d900000, 0x000000070d800000| Untracked 
|  57|0x000000070d900000, 0x000000070da00000, 0x000000070da00000|100%| O|  |TAMS 0x000000070da00000, 0x000000070d900000| Untracked 
|  58|0x000000070da00000, 0x000000070db00000, 0x000000070db00000|100%| O|  |TAMS 0x000000070db00000, 0x000000070da00000| Untracked 
|  59|0x000000070db00000, 0x000000070dc00000, 0x000000070dc00000|100%| O|  |TAMS 0x000000070dc00000, 0x000000070db00000| Untracked 
|  60|0x000000070dc00000, 0x000000070dd00000, 0x000000070dd00000|100%| O|  |TAMS 0x000000070dd00000, 0x000000070dc00000| Untracked 
|  61|0x000000070dd00000, 0x000000070de00000, 0x000000070de00000|100%| O|  |TAMS 0x000000070de00000, 0x000000070dd00000| Untracked 
|  62|0x000000070de00000, 0x000000070df00000, 0x000000070df00000|100%| O|  |TAMS 0x000000070df00000, 0x000000070de00000| Untracked 
|  63|0x000000070df00000, 0x000000070e000000, 0x000000070e000000|100%| O|  |TAMS 0x000000070e000000, 0x000000070df00000| Untracked 
|  64|0x000000070e000000, 0x000000070e100000, 0x000000070e100000|100%| O|  |TAMS 0x000000070e100000, 0x000000070e000000| Untracked 
|  65|0x000000070e100000, 0x000000070e200000, 0x000000070e200000|100%| O|  |TAMS 0x000000070e200000, 0x000000070e100000| Untracked 
|  66|0x000000070e200000, 0x000000070e300000, 0x000000070e300000|100%| O|  |TAMS 0x000000070e300000, 0x000000070e200000| Untracked 
|  67|0x000000070e300000, 0x000000070e400000, 0x000000070e400000|100%| O|  |TAMS 0x000000070e400000, 0x000000070e300000| Untracked 
|  68|0x000000070e400000, 0x000000070e500000, 0x000000070e500000|100%| O|  |TAMS 0x000000070e500000, 0x000000070e400000| Untracked 
|  69|0x000000070e500000, 0x000000070e600000, 0x000000070e600000|100%| O|  |TAMS 0x000000070e600000, 0x000000070e500000| Untracked 
|  70|0x000000070e600000, 0x000000070e700000, 0x000000070e700000|100%| O|  |TAMS 0x000000070e700000, 0x000000070e600000| Untracked 
|  71|0x000000070e700000, 0x000000070e800000, 0x000000070e800000|100%| O|  |TAMS 0x000000070e742000, 0x000000070e700000| Untracked 
|  72|0x000000070e800000, 0x000000070e900000, 0x000000070e900000|100%| O|  |TAMS 0x000000070e800000, 0x000000070e800000| Untracked 
|  73|0x000000070e900000, 0x000000070ea00000, 0x000000070ea00000|100%| O|  |TAMS 0x000000070e900000, 0x000000070e900000| Untracked 
|  74|0x000000070ea00000, 0x000000070eb00000, 0x000000070eb00000|100%| O|  |TAMS 0x000000070ea00000, 0x000000070ea00000| Untracked 
|  75|0x000000070eb00000, 0x000000070ec00000, 0x000000070ec00000|100%| O|  |TAMS 0x000000070eb00000, 0x000000070eb00000| Untracked 
|  76|0x000000070ec00000, 0x000000070ed00000, 0x000000070ed00000|100%| O|  |TAMS 0x000000070ec00000, 0x000000070ec00000| Untracked 
|  77|0x000000070ed00000, 0x000000070ee00000, 0x000000070ee00000|100%| O|  |TAMS 0x000000070ed00000, 0x000000070ed00000| Untracked 
|  78|0x000000070ee00000, 0x000000070ef00000, 0x000000070ef00000|100%| O|  |TAMS 0x000000070ee00000, 0x000000070ee00000| Untracked 
|  79|0x000000070ef00000, 0x000000070f000000, 0x000000070f000000|100%| O|  |TAMS 0x000000070ef00000, 0x000000070ef00000| Untracked 
|  80|0x000000070f000000, 0x000000070f100000, 0x000000070f100000|100%| O|  |TAMS 0x000000070f000000, 0x000000070f000000| Untracked 
|  81|0x000000070f100000, 0x000000070f200000, 0x000000070f200000|100%| O|  |TAMS 0x000000070f100000, 0x000000070f100000| Untracked 
|  82|0x000000070f200000, 0x000000070f300000, 0x000000070f300000|100%|HS|  |TAMS 0x000000070f200000, 0x000000070f200000| Complete 
|  83|0x000000070f300000, 0x000000070f400000, 0x000000070f400000|100%|HC|  |TAMS 0x000000070f300000, 0x000000070f300000| Complete 
|  84|0x000000070f400000, 0x000000070f500000, 0x000000070f500000|100%| O|  |TAMS 0x000000070f400000, 0x000000070f400000| Untracked 
|  85|0x000000070f500000, 0x000000070f600000, 0x000000070f600000|100%| O|  |TAMS 0x000000070f500000, 0x000000070f500000| Untracked 
|  86|0x000000070f600000, 0x000000070f700000, 0x000000070f700000|100%| O|  |TAMS 0x000000070f600000, 0x000000070f600000| Untracked 
|  87|0x000000070f700000, 0x000000070f800000, 0x000000070f800000|100%| O|  |TAMS 0x000000070f700000, 0x000000070f700000| Untracked 
|  88|0x000000070f800000, 0x000000070f900000, 0x000000070f900000|100%| O|  |TAMS 0x000000070f800000, 0x000000070f800000| Untracked 
|  89|0x000000070f900000, 0x000000070fa00000, 0x000000070fa00000|100%| O|  |TAMS 0x000000070f900000, 0x000000070f900000| Untracked 
|  90|0x000000070fa00000, 0x000000070fb00000, 0x000000070fb00000|100%| O|  |TAMS 0x000000070fa00000, 0x000000070fa00000| Untracked 
|  91|0x000000070fb00000, 0x000000070fc00000, 0x000000070fc00000|100%| O|  |TAMS 0x000000070fb00000, 0x000000070fb00000| Untracked 
|  92|0x000000070fc00000, 0x000000070fd00000, 0x000000070fd00000|100%| O|  |TAMS 0x000000070fc00000, 0x000000070fc00000| Untracked 
|  93|0x000000070fd00000, 0x000000070fe00000, 0x000000070fe00000|100%| O|  |TAMS 0x000000070fd00000, 0x000000070fd00000| Untracked 
|  94|0x000000070fe00000, 0x000000070ff00000, 0x000000070ff00000|100%| O|  |TAMS 0x000000070fe00000, 0x000000070fe00000| Untracked 
|  95|0x000000070ff00000, 0x0000000710000000, 0x0000000710000000|100%| O|  |TAMS 0x000000070ff00000, 0x000000070ff00000| Untracked 
|  96|0x0000000710000000, 0x0000000710100000, 0x0000000710100000|100%| O|  |TAMS 0x0000000710000000, 0x0000000710000000| Untracked 
|  97|0x0000000710100000, 0x0000000710200000, 0x0000000710200000|100%| O|  |TAMS 0x0000000710100000, 0x0000000710100000| Untracked 
|  98|0x0000000710200000, 0x0000000710300000, 0x0000000710300000|100%| O|  |TAMS 0x0000000710200000, 0x0000000710200000| Untracked 
|  99|0x0000000710300000, 0x0000000710400000, 0x0000000710400000|100%| O|  |TAMS 0x0000000710300000, 0x0000000710300000| Untracked 
| 100|0x0000000710400000, 0x0000000710500000, 0x0000000710500000|100%| O|  |TAMS 0x0000000710400000, 0x0000000710400000| Untracked 
| 101|0x0000000710500000, 0x0000000710600000, 0x0000000710600000|100%| O|  |TAMS 0x0000000710500000, 0x0000000710500000| Untracked 
| 102|0x0000000710600000, 0x0000000710700000, 0x0000000710700000|100%| O|  |TAMS 0x0000000710600000, 0x0000000710600000| Untracked 
| 103|0x0000000710700000, 0x0000000710800000, 0x0000000710800000|100%| O|  |TAMS 0x0000000710700000, 0x0000000710700000| Untracked 
| 104|0x0000000710800000, 0x0000000710900000, 0x0000000710900000|100%| O|  |TAMS 0x0000000710800000, 0x0000000710800000| Untracked 
| 105|0x0000000710900000, 0x0000000710a00000, 0x0000000710a00000|100%| O|  |TAMS 0x0000000710900000, 0x0000000710900000| Untracked 
| 106|0x0000000710a00000, 0x0000000710b00000, 0x0000000710b00000|100%| O|  |TAMS 0x0000000710a00000, 0x0000000710a00000| Untracked 
| 107|0x0000000710b00000, 0x0000000710c00000, 0x0000000710c00000|100%| O|  |TAMS 0x0000000710b00000, 0x0000000710b00000| Untracked 
| 108|0x0000000710c00000, 0x0000000710d00000, 0x0000000710d00000|100%| O|  |TAMS 0x0000000710c00000, 0x0000000710c00000| Untracked 
| 109|0x0000000710d00000, 0x0000000710e00000, 0x0000000710e00000|100%| O|  |TAMS 0x0000000710d00000, 0x0000000710d00000| Untracked 
| 110|0x0000000710e00000, 0x0000000710f00000, 0x0000000710f00000|100%| O|  |TAMS 0x0000000710e00000, 0x0000000710e00000| Untracked 
| 111|0x0000000710f00000, 0x0000000711000000, 0x0000000711000000|100%| O|  |TAMS 0x0000000710f00000, 0x0000000710f00000| Untracked 
| 112|0x0000000711000000, 0x0000000711100000, 0x0000000711100000|100%| O|  |TAMS 0x0000000711000000, 0x0000000711000000| Untracked 
| 113|0x0000000711100000, 0x0000000711200000, 0x0000000711200000|100%| O|  |TAMS 0x0000000711100000, 0x0000000711100000| Untracked 
| 114|0x0000000711200000, 0x0000000711300000, 0x0000000711300000|100%| O|  |TAMS 0x0000000711200000, 0x0000000711200000| Untracked 
| 115|0x0000000711300000, 0x0000000711400000, 0x0000000711400000|100%| O|  |TAMS 0x0000000711300000, 0x0000000711300000| Untracked 
| 116|0x0000000711400000, 0x0000000711500000, 0x0000000711500000|100%| O|  |TAMS 0x0000000711400000, 0x0000000711400000| Untracked 
| 117|0x0000000711500000, 0x0000000711600000, 0x0000000711600000|100%| O|  |TAMS 0x0000000711500000, 0x0000000711500000| Untracked 
| 118|0x0000000711600000, 0x0000000711700000, 0x0000000711700000|100%| O|  |TAMS 0x0000000711600000, 0x0000000711600000| Untracked 
| 119|0x0000000711700000, 0x0000000711800000, 0x0000000711800000|100%| O|  |TAMS 0x0000000711700000, 0x0000000711700000| Untracked 
| 120|0x0000000711800000, 0x0000000711900000, 0x0000000711900000|100%| O|  |TAMS 0x0000000711800000, 0x0000000711800000| Untracked 
| 121|0x0000000711900000, 0x0000000711a00000, 0x0000000711a00000|100%| O|  |TAMS 0x0000000711900000, 0x0000000711900000| Untracked 
| 122|0x0000000711a00000, 0x0000000711b00000, 0x0000000711b00000|100%| O|  |TAMS 0x0000000711a00000, 0x0000000711a00000| Untracked 
| 123|0x0000000711b00000, 0x0000000711c00000, 0x0000000711c00000|100%| O|  |TAMS 0x0000000711b00000, 0x0000000711b00000| Untracked 
| 124|0x0000000711c00000, 0x0000000711d00000, 0x0000000711d00000|100%| O|  |TAMS 0x0000000711c00000, 0x0000000711c00000| Untracked 
| 125|0x0000000711d00000, 0x0000000711e00000, 0x0000000711e00000|100%| O|  |TAMS 0x0000000711d00000, 0x0000000711d00000| Untracked 
| 126|0x0000000711e00000, 0x0000000711e52200, 0x0000000711f00000| 32%| O|  |TAMS 0x0000000711e00000, 0x0000000711e00000| Untracked 
| 127|0x0000000711f00000, 0x0000000711f00000, 0x0000000712000000|  0%| F|  |TAMS 0x0000000711f00000, 0x0000000711f00000| Untracked 
| 128|0x0000000712000000, 0x0000000712000000, 0x0000000712100000|  0%| F|  |TAMS 0x0000000712000000, 0x0000000712000000| Untracked 
| 129|0x0000000712100000, 0x0000000712100000, 0x0000000712200000|  0%| F|  |TAMS 0x0000000712100000, 0x0000000712100000| Untracked 
| 130|0x0000000712200000, 0x0000000712200000, 0x0000000712300000|  0%| F|  |TAMS 0x0000000712200000, 0x0000000712200000| Untracked 
| 131|0x0000000712300000, 0x0000000712300000, 0x0000000712400000|  0%| F|  |TAMS 0x0000000712300000, 0x0000000712300000| Untracked 
| 132|0x0000000712400000, 0x0000000712400000, 0x0000000712500000|  0%| F|  |TAMS 0x0000000712400000, 0x0000000712400000| Untracked 
| 133|0x0000000712500000, 0x0000000712500000, 0x0000000712600000|  0%| F|  |TAMS 0x0000000712500000, 0x0000000712500000| Untracked 
| 134|0x0000000712600000, 0x0000000712600000, 0x0000000712700000|  0%| F|  |TAMS 0x0000000712600000, 0x0000000712600000| Untracked 
| 135|0x0000000712700000, 0x0000000712700000, 0x0000000712800000|  0%| F|  |TAMS 0x0000000712700000, 0x0000000712700000| Untracked 
| 136|0x0000000712800000, 0x0000000712800000, 0x0000000712900000|  0%| F|  |TAMS 0x0000000712800000, 0x0000000712800000| Untracked 
| 137|0x0000000712900000, 0x0000000712900000, 0x0000000712a00000|  0%| F|  |TAMS 0x0000000712900000, 0x0000000712900000| Untracked 
| 138|0x0000000712a00000, 0x0000000712a00000, 0x0000000712b00000|  0%| F|  |TAMS 0x0000000712a00000, 0x0000000712a00000| Untracked 
| 139|0x0000000712b00000, 0x0000000712b00000, 0x0000000712c00000|  0%| F|  |TAMS 0x0000000712b00000, 0x0000000712b00000| Untracked 
| 140|0x0000000712c00000, 0x0000000712c00000, 0x0000000712d00000|  0%| F|  |TAMS 0x0000000712c00000, 0x0000000712c00000| Untracked 
| 141|0x0000000712d00000, 0x0000000712d00000, 0x0000000712e00000|  0%| F|  |TAMS 0x0000000712d00000, 0x0000000712d00000| Untracked 
| 142|0x0000000712e00000, 0x0000000712e00000, 0x0000000712f00000|  0%| F|  |TAMS 0x0000000712e00000, 0x0000000712e00000| Untracked 
| 143|0x0000000712f00000, 0x0000000712f00000, 0x0000000713000000|  0%| F|  |TAMS 0x0000000712f00000, 0x0000000712f00000| Untracked 
| 144|0x0000000713000000, 0x0000000713000000, 0x0000000713100000|  0%| F|  |TAMS 0x0000000713000000, 0x0000000713000000| Untracked 
| 145|0x0000000713100000, 0x0000000713100000, 0x0000000713200000|  0%| F|  |TAMS 0x0000000713100000, 0x0000000713100000| Untracked 
| 146|0x0000000713200000, 0x0000000713200000, 0x0000000713300000|  0%| F|  |TAMS 0x0000000713200000, 0x0000000713200000| Untracked 
| 147|0x0000000713300000, 0x0000000713300000, 0x0000000713400000|  0%| F|  |TAMS 0x0000000713300000, 0x0000000713300000| Untracked 
| 148|0x0000000713400000, 0x0000000713400000, 0x0000000713500000|  0%| F|  |TAMS 0x0000000713400000, 0x0000000713400000| Untracked 
| 149|0x0000000713500000, 0x0000000713500000, 0x0000000713600000|  0%| F|  |TAMS 0x0000000713500000, 0x0000000713500000| Untracked 
| 150|0x0000000713600000, 0x0000000713600000, 0x0000000713700000|  0%| F|  |TAMS 0x0000000713600000, 0x0000000713600000| Untracked 
| 151|0x0000000713700000, 0x0000000713700000, 0x0000000713800000|  0%| F|  |TAMS 0x0000000713700000, 0x0000000713700000| Untracked 
| 152|0x0000000713800000, 0x0000000713800000, 0x0000000713900000|  0%| F|  |TAMS 0x0000000713800000, 0x0000000713800000| Untracked 
| 153|0x0000000713900000, 0x0000000713900000, 0x0000000713a00000|  0%| F|  |TAMS 0x0000000713900000, 0x0000000713900000| Untracked 
| 154|0x0000000713a00000, 0x0000000713a00000, 0x0000000713b00000|  0%| F|  |TAMS 0x0000000713a00000, 0x0000000713a00000| Untracked 
| 155|0x0000000713b00000, 0x0000000713b00000, 0x0000000713c00000|  0%| F|  |TAMS 0x0000000713b00000, 0x0000000713b00000| Untracked 
| 156|0x0000000713c00000, 0x0000000713c00000, 0x0000000713d00000|  0%| F|  |TAMS 0x0000000713c00000, 0x0000000713c00000| Untracked 
| 157|0x0000000713d00000, 0x0000000713d00000, 0x0000000713e00000|  0%| F|  |TAMS 0x0000000713d00000, 0x0000000713d00000| Untracked 
| 158|0x0000000713e00000, 0x0000000713e00000, 0x0000000713f00000|  0%| F|  |TAMS 0x0000000713e00000, 0x0000000713e00000| Untracked 
| 159|0x0000000713f00000, 0x0000000713f00000, 0x0000000714000000|  0%| F|  |TAMS 0x0000000713f00000, 0x0000000713f00000| Untracked 
| 160|0x0000000714000000, 0x0000000714000000, 0x0000000714100000|  0%| F|  |TAMS 0x0000000714000000, 0x0000000714000000| Untracked 
| 161|0x0000000714100000, 0x0000000714100000, 0x0000000714200000|  0%| F|  |TAMS 0x0000000714100000, 0x0000000714100000| Untracked 
| 162|0x0000000714200000, 0x0000000714200000, 0x0000000714300000|  0%| F|  |TAMS 0x0000000714200000, 0x0000000714200000| Untracked 
| 163|0x0000000714300000, 0x0000000714300000, 0x0000000714400000|  0%| F|  |TAMS 0x0000000714300000, 0x0000000714300000| Untracked 
| 164|0x0000000714400000, 0x0000000714400000, 0x0000000714500000|  0%| F|  |TAMS 0x0000000714400000, 0x0000000714400000| Untracked 
| 165|0x0000000714500000, 0x0000000714500000, 0x0000000714600000|  0%| F|  |TAMS 0x0000000714500000, 0x0000000714500000| Untracked 
| 166|0x0000000714600000, 0x0000000714600000, 0x0000000714700000|  0%| F|  |TAMS 0x0000000714600000, 0x0000000714600000| Untracked 
| 167|0x0000000714700000, 0x0000000714700000, 0x0000000714800000|  0%| F|  |TAMS 0x0000000714700000, 0x0000000714700000| Untracked 
| 168|0x0000000714800000, 0x0000000714800000, 0x0000000714900000|  0%| F|  |TAMS 0x0000000714800000, 0x0000000714800000| Untracked 
| 169|0x0000000714900000, 0x0000000714900000, 0x0000000714a00000|  0%| F|  |TAMS 0x0000000714900000, 0x0000000714900000| Untracked 
| 170|0x0000000714a00000, 0x0000000714b00000, 0x0000000714b00000|100%| S|CS|TAMS 0x0000000714a00000, 0x0000000714a00000| Complete 
| 171|0x0000000714b00000, 0x0000000714c00000, 0x0000000714c00000|100%| S|CS|TAMS 0x0000000714b00000, 0x0000000714b00000| Complete 
| 172|0x0000000714c00000, 0x0000000714c00000, 0x0000000714d00000|  0%| F|  |TAMS 0x0000000714c00000, 0x0000000714c00000| Untracked 
| 173|0x0000000714d00000, 0x0000000714d00000, 0x0000000714e00000|  0%| F|  |TAMS 0x0000000714d00000, 0x0000000714d00000| Untracked 
| 174|0x0000000714e00000, 0x0000000714e00000, 0x0000000714f00000|  0%| F|  |TAMS 0x0000000714e00000, 0x0000000714e00000| Untracked 
| 175|0x0000000714f00000, 0x0000000714f00000, 0x0000000715000000|  0%| F|  |TAMS 0x0000000714f00000, 0x0000000714f00000| Untracked 
| 176|0x0000000715000000, 0x0000000715000000, 0x0000000715100000|  0%| F|  |TAMS 0x0000000715000000, 0x0000000715000000| Untracked 
| 177|0x0000000715100000, 0x0000000715100000, 0x0000000715200000|  0%| F|  |TAMS 0x0000000715100000, 0x0000000715100000| Untracked 
| 178|0x0000000715200000, 0x0000000715200000, 0x0000000715300000|  0%| F|  |TAMS 0x0000000715200000, 0x0000000715200000| Untracked 
| 179|0x0000000715300000, 0x0000000715300000, 0x0000000715400000|  0%| F|  |TAMS 0x0000000715300000, 0x0000000715300000| Untracked 
| 180|0x0000000715400000, 0x0000000715400000, 0x0000000715500000|  0%| F|  |TAMS 0x0000000715400000, 0x0000000715400000| Untracked 
| 181|0x0000000715500000, 0x0000000715500000, 0x0000000715600000|  0%| F|  |TAMS 0x0000000715500000, 0x0000000715500000| Untracked 
| 182|0x0000000715600000, 0x0000000715700000, 0x0000000715700000|100%| S|CS|TAMS 0x0000000715600000, 0x0000000715600000| Complete 
| 183|0x0000000715700000, 0x0000000715800000, 0x0000000715800000|100%| S|CS|TAMS 0x0000000715700000, 0x0000000715700000| Complete 
| 184|0x0000000715800000, 0x0000000715900000, 0x0000000715900000|100%| S|CS|TAMS 0x0000000715800000, 0x0000000715800000| Complete 
| 185|0x0000000715900000, 0x0000000715a00000, 0x0000000715a00000|100%| S|CS|TAMS 0x0000000715900000, 0x0000000715900000| Complete 
| 186|0x0000000715a00000, 0x0000000715a00000, 0x0000000715b00000|  0%| F|  |TAMS 0x0000000715a00000, 0x0000000715a00000| Untracked 
| 187|0x0000000715b00000, 0x0000000715b00000, 0x0000000715c00000|  0%| F|  |TAMS 0x0000000715b00000, 0x0000000715b00000| Untracked 
| 188|0x0000000715c00000, 0x0000000715c00000, 0x0000000715d00000|  0%| F|  |TAMS 0x0000000715c00000, 0x0000000715c00000| Untracked 
| 189|0x0000000715d00000, 0x0000000715d00000, 0x0000000715e00000|  0%| F|  |TAMS 0x0000000715d00000, 0x0000000715d00000| Untracked 
| 190|0x0000000715e00000, 0x0000000715f00000, 0x0000000715f00000|100%| S|CS|TAMS 0x0000000715e00000, 0x0000000715e00000| Complete 
| 191|0x0000000715f00000, 0x0000000716000000, 0x0000000716000000|100%| S|CS|TAMS 0x0000000715f00000, 0x0000000715f00000| Complete 
| 192|0x0000000716000000, 0x0000000716100000, 0x0000000716100000|100%| S|CS|TAMS 0x0000000716000000, 0x0000000716000000| Complete 
| 193|0x0000000716100000, 0x0000000716200000, 0x0000000716200000|100%| S|CS|TAMS 0x0000000716100000, 0x0000000716100000| Complete 
| 194|0x0000000716200000, 0x0000000716300000, 0x0000000716300000|100%| S|CS|TAMS 0x0000000716200000, 0x0000000716200000| Complete 
| 195|0x0000000716300000, 0x0000000716400000, 0x0000000716400000|100%| S|CS|TAMS 0x0000000716300000, 0x0000000716300000| Complete 
| 196|0x0000000716400000, 0x0000000716500000, 0x0000000716500000|100%| S|CS|TAMS 0x0000000716400000, 0x0000000716400000| Complete 
| 197|0x0000000716500000, 0x0000000716600000, 0x0000000716600000|100%| S|CS|TAMS 0x0000000716500000, 0x0000000716500000| Complete 
| 198|0x0000000716600000, 0x0000000716600000, 0x0000000716700000|  0%| F|  |TAMS 0x0000000716600000, 0x0000000716600000| Untracked 
| 199|0x0000000716700000, 0x0000000716700000, 0x0000000716800000|  0%| F|  |TAMS 0x0000000716700000, 0x0000000716700000| Untracked 
| 200|0x0000000716800000, 0x0000000716800000, 0x0000000716900000|  0%| F|  |TAMS 0x0000000716800000, 0x0000000716800000| Untracked 
| 201|0x0000000716900000, 0x0000000716900000, 0x0000000716a00000|  0%| F|  |TAMS 0x0000000716900000, 0x0000000716900000| Untracked 
| 202|0x0000000716a00000, 0x0000000716a00000, 0x0000000716b00000|  0%| F|  |TAMS 0x0000000716a00000, 0x0000000716a00000| Untracked 
| 203|0x0000000716b00000, 0x0000000716b00000, 0x0000000716c00000|  0%| F|  |TAMS 0x0000000716b00000, 0x0000000716b00000| Untracked 
| 204|0x0000000716c00000, 0x0000000716c00000, 0x0000000716d00000|  0%| F|  |TAMS 0x0000000716c00000, 0x0000000716c00000| Untracked 
| 205|0x0000000716d00000, 0x0000000716d00000, 0x0000000716e00000|  0%| F|  |TAMS 0x0000000716d00000, 0x0000000716d00000| Untracked 
| 206|0x0000000716e00000, 0x0000000716e00000, 0x0000000716f00000|  0%| F|  |TAMS 0x0000000716e00000, 0x0000000716e00000| Untracked 
| 207|0x0000000716f00000, 0x0000000716f00000, 0x0000000717000000|  0%| F|  |TAMS 0x0000000716f00000, 0x0000000716f00000| Untracked 
| 208|0x0000000717000000, 0x0000000717000000, 0x0000000717100000|  0%| F|  |TAMS 0x0000000717000000, 0x0000000717000000| Untracked 
| 209|0x0000000717100000, 0x0000000717100000, 0x0000000717200000|  0%| F|  |TAMS 0x0000000717100000, 0x0000000717100000| Untracked 
| 210|0x0000000717200000, 0x0000000717200000, 0x0000000717300000|  0%| F|  |TAMS 0x0000000717200000, 0x0000000717200000| Untracked 
| 211|0x0000000717300000, 0x0000000717300000, 0x0000000717400000|  0%| F|  |TAMS 0x0000000717300000, 0x0000000717300000| Untracked 
| 212|0x0000000717400000, 0x0000000717400000, 0x0000000717500000|  0%| F|  |TAMS 0x0000000717400000, 0x0000000717400000| Untracked 
| 213|0x0000000717500000, 0x0000000717500000, 0x0000000717600000|  0%| F|  |TAMS 0x0000000717500000, 0x0000000717500000| Untracked 
| 214|0x0000000717600000, 0x0000000717600000, 0x0000000717700000|  0%| F|  |TAMS 0x0000000717600000, 0x0000000717600000| Untracked 
| 215|0x0000000717700000, 0x0000000717700000, 0x0000000717800000|  0%| F|  |TAMS 0x0000000717700000, 0x0000000717700000| Untracked 
| 216|0x0000000717800000, 0x0000000717800000, 0x0000000717900000|  0%| F|  |TAMS 0x0000000717800000, 0x0000000717800000| Untracked 
| 217|0x0000000717900000, 0x0000000717900000, 0x0000000717a00000|  0%| F|  |TAMS 0x0000000717900000, 0x0000000717900000| Untracked 
| 218|0x0000000717a00000, 0x0000000717a00000, 0x0000000717b00000|  0%| F|  |TAMS 0x0000000717a00000, 0x0000000717a00000| Untracked 
| 219|0x0000000717b00000, 0x0000000717b00000, 0x0000000717c00000|  0%| F|  |TAMS 0x0000000717b00000, 0x0000000717b00000| Untracked 
| 220|0x0000000717c00000, 0x0000000717c00000, 0x0000000717d00000|  0%| F|  |TAMS 0x0000000717c00000, 0x0000000717c00000| Untracked 
| 221|0x0000000717d00000, 0x0000000717d00000, 0x0000000717e00000|  0%| F|  |TAMS 0x0000000717d00000, 0x0000000717d00000| Untracked 
| 222|0x0000000717e00000, 0x0000000717e00000, 0x0000000717f00000|  0%| F|  |TAMS 0x0000000717e00000, 0x0000000717e00000| Untracked 
| 223|0x0000000717f00000, 0x0000000717f00000, 0x0000000718000000|  0%| F|  |TAMS 0x0000000717f00000, 0x0000000717f00000| Untracked 
| 224|0x0000000718000000, 0x0000000718000000, 0x0000000718100000|  0%| F|  |TAMS 0x0000000718000000, 0x0000000718000000| Untracked 
| 225|0x0000000718100000, 0x0000000718100000, 0x0000000718200000|  0%| F|  |TAMS 0x0000000718100000, 0x0000000718100000| Untracked 
| 226|0x0000000718200000, 0x0000000718200000, 0x0000000718300000|  0%| F|  |TAMS 0x0000000718200000, 0x0000000718200000| Untracked 
| 227|0x0000000718300000, 0x0000000718300000, 0x0000000718400000|  0%| F|  |TAMS 0x0000000718300000, 0x0000000718300000| Untracked 
| 228|0x0000000718400000, 0x0000000718400000, 0x0000000718500000|  0%| F|  |TAMS 0x0000000718400000, 0x0000000718400000| Untracked 
| 229|0x0000000718500000, 0x0000000718500000, 0x0000000718600000|  0%| F|  |TAMS 0x0000000718500000, 0x0000000718500000| Untracked 
| 230|0x0000000718600000, 0x0000000718600000, 0x0000000718700000|  0%| F|  |TAMS 0x0000000718600000, 0x0000000718600000| Untracked 
| 231|0x0000000718700000, 0x0000000718700000, 0x0000000718800000|  0%| F|  |TAMS 0x0000000718700000, 0x0000000718700000| Untracked 
| 232|0x0000000718800000, 0x0000000718800000, 0x0000000718900000|  0%| F|  |TAMS 0x0000000718800000, 0x0000000718800000| Untracked 
| 233|0x0000000718900000, 0x0000000718900000, 0x0000000718a00000|  0%| F|  |TAMS 0x0000000718900000, 0x0000000718900000| Untracked 
| 234|0x0000000718a00000, 0x0000000718a00000, 0x0000000718b00000|  0%| F|  |TAMS 0x0000000718a00000, 0x0000000718a00000| Untracked 
| 235|0x0000000718b00000, 0x0000000718b00000, 0x0000000718c00000|  0%| F|  |TAMS 0x0000000718b00000, 0x0000000718b00000| Untracked 
| 236|0x0000000718c00000, 0x0000000718c00000, 0x0000000718d00000|  0%| F|  |TAMS 0x0000000718c00000, 0x0000000718c00000| Untracked 
| 237|0x0000000718d00000, 0x0000000718d00000, 0x0000000718e00000|  0%| F|  |TAMS 0x0000000718d00000, 0x0000000718d00000| Untracked 
| 238|0x0000000718e00000, 0x0000000718e00000, 0x0000000718f00000|  0%| F|  |TAMS 0x0000000718e00000, 0x0000000718e00000| Untracked 
| 239|0x0000000718f00000, 0x0000000718f00000, 0x0000000719000000|  0%| F|  |TAMS 0x0000000718f00000, 0x0000000718f00000| Untracked 
| 240|0x0000000719000000, 0x0000000719000000, 0x0000000719100000|  0%| F|  |TAMS 0x0000000719000000, 0x0000000719000000| Untracked 
| 241|0x0000000719100000, 0x0000000719100000, 0x0000000719200000|  0%| F|  |TAMS 0x0000000719100000, 0x0000000719100000| Untracked 
| 242|0x0000000719200000, 0x0000000719200000, 0x0000000719300000|  0%| F|  |TAMS 0x0000000719200000, 0x0000000719200000| Untracked 
| 243|0x0000000719300000, 0x0000000719300000, 0x0000000719400000|  0%| F|  |TAMS 0x0000000719300000, 0x0000000719300000| Untracked 
| 244|0x0000000719400000, 0x0000000719400000, 0x0000000719500000|  0%| F|  |TAMS 0x0000000719400000, 0x0000000719400000| Untracked 
| 245|0x0000000719500000, 0x0000000719500000, 0x0000000719600000|  0%| F|  |TAMS 0x0000000719500000, 0x0000000719500000| Untracked 
| 246|0x0000000719600000, 0x0000000719600000, 0x0000000719700000|  0%| F|  |TAMS 0x0000000719600000, 0x0000000719600000| Untracked 
| 247|0x0000000719700000, 0x0000000719700000, 0x0000000719800000|  0%| F|  |TAMS 0x0000000719700000, 0x0000000719700000| Untracked 
| 248|0x0000000719800000, 0x0000000719800000, 0x0000000719900000|  0%| F|  |TAMS 0x0000000719800000, 0x0000000719800000| Untracked 
| 249|0x0000000719900000, 0x0000000719900000, 0x0000000719a00000|  0%| F|  |TAMS 0x0000000719900000, 0x0000000719900000| Untracked 
| 250|0x0000000719a00000, 0x0000000719a00000, 0x0000000719b00000|  0%| F|  |TAMS 0x0000000719a00000, 0x0000000719a00000| Untracked 
| 251|0x0000000719b00000, 0x0000000719b00000, 0x0000000719c00000|  0%| F|  |TAMS 0x0000000719b00000, 0x0000000719b00000| Untracked 
| 252|0x0000000719c00000, 0x0000000719c00000, 0x0000000719d00000|  0%| F|  |TAMS 0x0000000719c00000, 0x0000000719c00000| Untracked 
| 253|0x0000000719d00000, 0x0000000719d00000, 0x0000000719e00000|  0%| F|  |TAMS 0x0000000719d00000, 0x0000000719d00000| Untracked 
| 254|0x0000000719e00000, 0x0000000719e00000, 0x0000000719f00000|  0%| F|  |TAMS 0x0000000719e00000, 0x0000000719e00000| Untracked 
| 255|0x0000000719f00000, 0x0000000719f00000, 0x000000071a000000|  0%| F|  |TAMS 0x0000000719f00000, 0x0000000719f00000| Untracked 
| 256|0x000000071a000000, 0x000000071a000000, 0x000000071a100000|  0%| F|  |TAMS 0x000000071a000000, 0x000000071a000000| Untracked 
| 257|0x000000071a100000, 0x000000071a100000, 0x000000071a200000|  0%| F|  |TAMS 0x000000071a100000, 0x000000071a100000| Untracked 
| 258|0x000000071a200000, 0x000000071a200000, 0x000000071a300000|  0%| F|  |TAMS 0x000000071a200000, 0x000000071a200000| Untracked 
| 259|0x000000071a300000, 0x000000071a300000, 0x000000071a400000|  0%| F|  |TAMS 0x000000071a300000, 0x000000071a300000| Untracked 
| 260|0x000000071a400000, 0x000000071a400000, 0x000000071a500000|  0%| F|  |TAMS 0x000000071a400000, 0x000000071a400000| Untracked 
| 261|0x000000071a500000, 0x000000071a500000, 0x000000071a600000|  0%| F|  |TAMS 0x000000071a500000, 0x000000071a500000| Untracked 
| 262|0x000000071a600000, 0x000000071a600000, 0x000000071a700000|  0%| F|  |TAMS 0x000000071a600000, 0x000000071a600000| Untracked 
| 263|0x000000071a700000, 0x000000071a700000, 0x000000071a800000|  0%| F|  |TAMS 0x000000071a700000, 0x000000071a700000| Untracked 
| 264|0x000000071a800000, 0x000000071a900000, 0x000000071a900000|100%| E|  |TAMS 0x000000071a800000, 0x000000071a800000| Complete 
| 265|0x000000071a900000, 0x000000071aa00000, 0x000000071aa00000|100%| E|CS|TAMS 0x000000071a900000, 0x000000071a900000| Complete 
| 266|0x000000071aa00000, 0x000000071ab00000, 0x000000071ab00000|100%| E|CS|TAMS 0x000000071aa00000, 0x000000071aa00000| Complete 
| 267|0x000000071ab00000, 0x000000071ac00000, 0x000000071ac00000|100%| E|CS|TAMS 0x000000071ab00000, 0x000000071ab00000| Complete 
| 268|0x000000071ac00000, 0x000000071ad00000, 0x000000071ad00000|100%| E|CS|TAMS 0x000000071ac00000, 0x000000071ac00000| Complete 
| 269|0x000000071ad00000, 0x000000071ae00000, 0x000000071ae00000|100%| E|CS|TAMS 0x000000071ad00000, 0x000000071ad00000| Complete 
| 270|0x000000071ae00000, 0x000000071af00000, 0x000000071af00000|100%| E|CS|TAMS 0x000000071ae00000, 0x000000071ae00000| Complete 
| 271|0x000000071af00000, 0x000000071b000000, 0x000000071b000000|100%| E|CS|TAMS 0x000000071af00000, 0x000000071af00000| Complete 
| 272|0x000000071b000000, 0x000000071b100000, 0x000000071b100000|100%| E|CS|TAMS 0x000000071b000000, 0x000000071b000000| Complete 
| 273|0x000000071b100000, 0x000000071b200000, 0x000000071b200000|100%| E|CS|TAMS 0x000000071b100000, 0x000000071b100000| Complete 
| 274|0x000000071b200000, 0x000000071b300000, 0x000000071b300000|100%| E|CS|TAMS 0x000000071b200000, 0x000000071b200000| Complete 
| 275|0x000000071b300000, 0x000000071b400000, 0x000000071b400000|100%| E|CS|TAMS 0x000000071b300000, 0x000000071b300000| Complete 
| 276|0x000000071b400000, 0x000000071b500000, 0x000000071b500000|100%| E|CS|TAMS 0x000000071b400000, 0x000000071b400000| Complete 
| 277|0x000000071b500000, 0x000000071b600000, 0x000000071b600000|100%| E|CS|TAMS 0x000000071b500000, 0x000000071b500000| Complete 
| 278|0x000000071b600000, 0x000000071b700000, 0x000000071b700000|100%| E|CS|TAMS 0x000000071b600000, 0x000000071b600000| Complete 
| 279|0x000000071b700000, 0x000000071b800000, 0x000000071b800000|100%| E|CS|TAMS 0x000000071b700000, 0x000000071b700000| Complete 
| 280|0x000000071b800000, 0x000000071b900000, 0x000000071b900000|100%| E|CS|TAMS 0x000000071b800000, 0x000000071b800000| Complete 
| 281|0x000000071b900000, 0x000000071ba00000, 0x000000071ba00000|100%| E|CS|TAMS 0x000000071b900000, 0x000000071b900000| Complete 
| 282|0x000000071ba00000, 0x000000071bb00000, 0x000000071bb00000|100%| E|CS|TAMS 0x000000071ba00000, 0x000000071ba00000| Complete 
| 283|0x000000071bb00000, 0x000000071bc00000, 0x000000071bc00000|100%| E|CS|TAMS 0x000000071bb00000, 0x000000071bb00000| Complete 
| 284|0x000000071bc00000, 0x000000071bd00000, 0x000000071bd00000|100%| E|CS|TAMS 0x000000071bc00000, 0x000000071bc00000| Complete 
| 285|0x000000071bd00000, 0x000000071be00000, 0x000000071be00000|100%| E|CS|TAMS 0x000000071bd00000, 0x000000071bd00000| Complete 
| 286|0x000000071be00000, 0x000000071bf00000, 0x000000071bf00000|100%| E|CS|TAMS 0x000000071be00000, 0x000000071be00000| Complete 
| 287|0x000000071bf00000, 0x000000071c000000, 0x000000071c000000|100%| E|CS|TAMS 0x000000071bf00000, 0x000000071bf00000| Complete 
| 288|0x000000071c000000, 0x000000071c100000, 0x000000071c100000|100%| E|CS|TAMS 0x000000071c000000, 0x000000071c000000| Complete 
| 289|0x000000071c100000, 0x000000071c200000, 0x000000071c200000|100%| E|CS|TAMS 0x000000071c100000, 0x000000071c100000| Complete 
| 290|0x000000071c200000, 0x000000071c300000, 0x000000071c300000|100%| E|CS|TAMS 0x000000071c200000, 0x000000071c200000| Complete 
| 291|0x000000071c300000, 0x000000071c400000, 0x000000071c400000|100%| E|CS|TAMS 0x000000071c300000, 0x000000071c300000| Complete 
| 292|0x000000071c400000, 0x000000071c500000, 0x000000071c500000|100%| E|CS|TAMS 0x000000071c400000, 0x000000071c400000| Complete 
| 293|0x000000071c500000, 0x000000071c600000, 0x000000071c600000|100%| E|CS|TAMS 0x000000071c500000, 0x000000071c500000| Complete 
| 294|0x000000071c600000, 0x000000071c700000, 0x000000071c700000|100%| E|CS|TAMS 0x000000071c600000, 0x000000071c600000| Complete 
| 295|0x000000071c700000, 0x000000071c800000, 0x000000071c800000|100%| E|CS|TAMS 0x000000071c700000, 0x000000071c700000| Complete 

Card table byte_map: [0x000001cd33190000,0x000001cd33940000] _byte_map_base: 0x000001cd2f940000

Marking Bits (Prev, Next): (CMBitMap*) 0x000001cd1d786870, (CMBitMap*) 0x000001cd1d786838
 Prev Bits: [0x000001cd37e70000, 0x000001cd3bbf0000)
 Next Bits: [0x000001cd340f0000, 0x000001cd37e70000)

Polling page: 0x000001cd1d7f0000

Metaspace:

Usage:
  Non-class:     70.46 MB capacity,    69.95 MB (>99%) used,   388.77 KB ( <1%) free+waste,   138.12 KB ( <1%) overhead. 
      Class:      8.44 MB capacity,     8.06 MB ( 95%) used,   332.02 KB (  4%) free+waste,    57.75 KB ( <1%) overhead. 
       Both:     78.90 MB capacity,    78.00 MB ( 99%) used,   720.79 KB ( <1%) free+waste,   195.88 KB ( <1%) overhead. 

Virtual space:
  Non-class space:       72.00 MB reserved,      70.50 MB ( 98%) committed 
      Class space:        1.00 GB reserved,       8.50 MB ( <1%) committed 
             Both:        1.07 GB reserved,      79.00 MB (  7%) committed 

Chunk freelists:
   Non-Class:  38.00 KB
       Class:  1.00 KB
        Both:  39.00 KB

MaxMetaspaceSize: 17179869184.00 GB
CompressedClassSpaceSize: 1.00 GB
Initial GC threshold: 20.80 MB
Current GC threshold: 98.12 MB
CDS: off

CodeHeap 'non-profiled nmethods': size=119168Kb used=12590Kb max_used=12590Kb free=106578Kb
 bounds [0x000001cd2a5b0000, 0x000001cd2b200000, 0x000001cd31a10000]
CodeHeap 'profiled nmethods': size=119168Kb used=54650Kb max_used=54650Kb free=64517Kb
 bounds [0x000001cd23150000, 0x000001cd266c0000, 0x000001cd2a5b0000]
CodeHeap 'non-nmethods': size=7424Kb used=3084Kb max_used=3152Kb free=4339Kb
 bounds [0x000001cd22a10000, 0x000001cd22d30000, 0x000001cd23150000]
 total_blobs=16809 nmethods=16116 adapters=599
 compilation: enabled
              stopped_count=0, restarted_count=0
 full_count=0

Compilation events (20 events):
Event: 23.873 Thread 0x000001cd3fbe0800 18292       3       androidx.compose.compiler.plugins.kotlin.inference.Open::isAnonymous$compiler_hosted (13 bytes)
Event: 23.873 Thread 0x000001cd3fcea800 nmethod 18299 0x000001cd26681610 code [0x000001cd266817e0, 0x000001cd26681a28]
Event: 23.873 Thread 0x000001cd3fcea800 18296       3       org.jetbrains.kotlin.ir.util.IrUtilsKt::getFileOrNull (28 bytes)
Event: 23.873 Thread 0x000001cd3f655800 nmethod 18305 0x000001cd26681b90 code [0x000001cd26681d60, 0x000001cd26681f88]
Event: 23.873 Thread 0x000001cd3fbe0800 nmethod 18292 0x000001cd26682090 code [0x000001cd26682240, 0x000001cd26682398]
Event: 23.874 Thread 0x000001cd3f655800 18307       3       org.jetbrains.kotlin.ir.util.IrUtilsKt::getFile (49 bytes)
Event: 23.874 Thread 0x000001cd3fbe0800 18300       3       androidx.compose.compiler.plugins.kotlin.lower.InferenceCallExpression::<init> (188 bytes)
Event: 23.875 Thread 0x000001cd3fcea800 nmethod 18296 0x000001cd26682410 code [0x000001cd26682660, 0x000001cd26682e88]
Event: 23.875 Thread 0x000001cd3fcea800 18303       3       androidx.compose.compiler.plugins.kotlin.lower.InferenceCallTargetNode::<init> (291 bytes)
Event: 23.875 Thread 0x000001cd3f7e6800 nmethod 18306 0x000001cd26683110 code [0x000001cd26683400, 0x000001cd26684338]
Event: 23.876 Thread 0x000001cd3f7e6800 18301       3       androidx.compose.compiler.plugins.kotlin.lower.InferenceNode::isOverlyWide (26 bytes)
Event: 23.877 Thread 0x000001cd3f7e6800 nmethod 18301 0x000001cd26686710 code [0x000001cd266868e0, 0x000001cd26686c18]
Event: 23.877 Thread 0x000001cd3f7e6800 18314       3       androidx.compose.compiler.plugins.kotlin.lower.AbstractComposeLowering::metricsFor (120 bytes)
Event: 23.878 Thread 0x000001cd3f655800 nmethod 18307 0x000001cd26684810 code [0x000001cd26684ba0, 0x000001cd26686048]
Event: 23.878 Thread 0x000001cd3f655800 18319       3       androidx.compose.compiler.plugins.kotlin.lower.ComposableTargetAnnotationsTransformerKt::hasOverlyWideParameters (103 bytes)
Event: 23.882 Thread 0x000001cd3f655800 nmethod 18319 0x000001cd26686d10 code [0x000001cd266870c0, 0x000001cd26688a48]
Event: 23.883 Thread 0x000001cd3f655800 18326       3       androidx.compose.compiler.plugins.kotlin.inference.SchemeKt::deserializeScheme$list (53 bytes)
Event: 23.883 Thread 0x000001cd3f7e6800 nmethod 18314 0x000001cd26689190 code [0x000001cd26689640, 0x000001cd2668b6b8]
Event: 23.884 Thread 0x000001cd3f7e6800 18320       3       androidx.compose.compiler.plugins.kotlin.inference.SchemeKt::access$deserializeScheme$item (5 bytes)
Event: 23.884 Thread 0x000001cd3f7e6800 nmethod 18320 0x000001cd26697310 code [0x000001cd266974c0, 0x000001cd266975c8]

GC Heap History (20 events):
Event: 4.169 GC heap before
{Heap before GC invocations=6 (full 0):
 garbage-first heap   total 251904K, used 104318K [0x000000070a000000, 0x0000000800000000)
  region size 1024K, 78 young (79872K), 6 survivors (6144K)
 Metaspace       used 48226K, capacity 48763K, committed 48896K, reserved 1091584K
  class space    used 5647K, capacity 5854K, committed 5888K, reserved 1048576K
}
Event: 4.178 GC heap after
{Heap after GC invocations=7 (full 0):
 garbage-first heap   total 251904K, used 37408K [0x000000070a000000, 0x0000000800000000)
  region size 1024K, 10 young (10240K), 10 survivors (10240K)
 Metaspace       used 48226K, capacity 48763K, committed 48896K, reserved 1091584K
  class space    used 5647K, capacity 5854K, committed 5888K, reserved 1048576K
}
Event: 5.925 GC heap before
{Heap before GC invocations=7 (full 0):
 garbage-first heap   total 251904K, used 154144K [0x000000070a000000, 0x0000000800000000)
  region size 1024K, 122 young (124928K), 10 survivors (10240K)
 Metaspace       used 54273K, capacity 54888K, committed 55168K, reserved 1097728K
  class space    used 6224K, capacity 6478K, committed 6528K, reserved 1048576K
}
Event: 5.937 GC heap after
{Heap after GC invocations=8 (full 0):
 garbage-first heap   total 303104K, used 49525K [0x000000070a000000, 0x0000000800000000)
  region size 1024K, 10 young (10240K), 10 survivors (10240K)
 Metaspace       used 54273K, capacity 54888K, committed 55168K, reserved 1097728K
  class space    used 6224K, capacity 6478K, committed 6528K, reserved 1048576K
}
Event: 8.447 GC heap before
{Heap before GC invocations=8 (full 0):
 garbage-first heap   total 303104K, used 220533K [0x000000070a000000, 0x0000000800000000)
  region size 1024K, 177 young (181248K), 10 survivors (10240K)
 Metaspace       used 58229K, capacity 58933K, committed 59136K, reserved 1101824K
  class space    used 6519K, capacity 6798K, committed 6912K, reserved 1048576K
}
Event: 8.468 GC heap after
{Heap after GC invocations=9 (full 0):
 garbage-first heap   total 303104K, used 72122K [0x000000070a000000, 0x0000000800000000)
  region size 1024K, 23 young (23552K), 23 survivors (23552K)
 Metaspace       used 58229K, capacity 58933K, committed 59136K, reserved 1101824K
  class space    used 6519K, capacity 6798K, committed 6912K, reserved 1048576K
}
Event: 8.911 GC heap before
{Heap before GC invocations=9 (full 0):
 garbage-first heap   total 303104K, used 90554K [0x000000070a000000, 0x0000000800000000)
  region size 1024K, 42 young (43008K), 23 survivors (23552K)
 Metaspace       used 59415K, capacity 60089K, committed 60160K, reserved 1101824K
  class space    used 6647K, capacity 6905K, committed 6912K, reserved 1048576K
}
Event: 8.925 GC heap after
{Heap after GC invocations=10 (full 0):
 garbage-first heap   total 303104K, used 77063K [0x000000070a000000, 0x0000000800000000)
  region size 1024K, 4 young (4096K), 4 survivors (4096K)
 Metaspace       used 59415K, capacity 60089K, committed 60160K, reserved 1101824K
  class space    used 6647K, capacity 6905K, committed 6912K, reserved 1048576K
}
Event: 11.862 GC heap before
{Heap before GC invocations=11 (full 0):
 garbage-first heap   total 303104K, used 170247K [0x000000070a000000, 0x0000000800000000)
  region size 1024K, 95 young (97280K), 4 survivors (4096K)
 Metaspace       used 64940K, capacity 65672K, committed 65920K, reserved 1107968K
  class space    used 6987K, capacity 7284K, committed 7296K, reserved 1048576K
}
Event: 11.873 GC heap after
{Heap after GC invocations=12 (full 0):
 garbage-first heap   total 303104K, used 83136K [0x000000070a000000, 0x0000000800000000)
  region size 1024K, 12 young (12288K), 12 survivors (12288K)
 Metaspace       used 64940K, capacity 65672K, committed 65920K, reserved 1107968K
  class space    used 6987K, capacity 7284K, committed 7296K, reserved 1048576K
}
Event: 15.213 GC heap before
{Heap before GC invocations=12 (full 0):
 garbage-first heap   total 303104K, used 182464K [0x000000070a000000, 0x0000000800000000)
  region size 1024K, 108 young (110592K), 12 survivors (12288K)
 Metaspace       used 66047K, capacity 66780K, committed 67072K, reserved 1110016K
  class space    used 7006K, capacity 7324K, committed 7424K, reserved 1048576K
}
Event: 15.223 GC heap after
{Heap after GC invocations=13 (full 0):
 garbage-first heap   total 303104K, used 91356K [0x000000070a000000, 0x0000000800000000)
  region size 1024K, 9 young (9216K), 9 survivors (9216K)
 Metaspace       used 66047K, capacity 66780K, committed 67072K, reserved 1110016K
  class space    used 7006K, capacity 7324K, committed 7424K, reserved 1048576K
}
Event: 18.128 GC heap before
{Heap before GC invocations=13 (full 0):
 garbage-first heap   total 303104K, used 194780K [0x000000070a000000, 0x0000000800000000)
  region size 1024K, 108 young (110592K), 9 survivors (9216K)
 Metaspace       used 66845K, capacity 67637K, committed 67840K, reserved 1110016K
  class space    used 7029K, capacity 7329K, committed 7424K, reserved 1048576K
}
Event: 18.137 GC heap after
{Heap after GC invocations=14 (full 0):
 garbage-first heap   total 303104K, used 101874K [0x000000070a000000, 0x0000000800000000)
  region size 1024K, 9 young (9216K), 9 survivors (9216K)
 Metaspace       used 66845K, capacity 67637K, committed 67840K, reserved 1110016K
  class space    used 7029K, capacity 7329K, committed 7424K, reserved 1048576K
}
Event: 20.135 GC heap before
{Heap before GC invocations=14 (full 0):
 garbage-first heap   total 303104K, used 205298K [0x000000070a000000, 0x0000000800000000)
  region size 1024K, 110 young (112640K), 9 survivors (9216K)
 Metaspace       used 67864K, capacity 68613K, committed 68864K, reserved 1110016K
  class space    used 7093K, capacity 7396K, committed 7424K, reserved 1048576K
}
Event: 20.144 GC heap after
{Heap after GC invocations=15 (full 0):
 garbage-first heap   total 303104K, used 105013K [0x000000070a000000, 0x0000000800000000)
  region size 1024K, 4 young (4096K), 4 survivors (4096K)
 Metaspace       used 67864K, capacity 68613K, committed 68864K, reserved 1110016K
  class space    used 7093K, capacity 7396K, committed 7424K, reserved 1048576K
}
Event: 22.319 GC heap before
{Heap before GC invocations=15 (full 0):
 garbage-first heap   total 303104K, used 213557K [0x000000070a000000, 0x0000000800000000)
  region size 1024K, 110 young (112640K), 4 survivors (4096K)
 Metaspace       used 76072K, capacity 76911K, committed 77184K, reserved 1118208K
  class space    used 7888K, capacity 8247K, committed 8320K, reserved 1048576K
}
Event: 22.333 GC heap after
{Heap after GC invocations=16 (full 0):
 garbage-first heap   total 303104K, used 121484K [0x000000070a000000, 0x0000000800000000)
  region size 1024K, 14 young (14336K), 14 survivors (14336K)
 Metaspace       used 76072K, capacity 76911K, committed 77184K, reserved 1118208K
  class space    used 7888K, capacity 8247K, committed 8320K, reserved 1048576K
}
Event: 23.489 GC heap before
{Heap before GC invocations=16 (full 0):
 garbage-first heap   total 303104K, used 221836K [0x000000070a000000, 0x0000000800000000)
  region size 1024K, 112 young (114688K), 14 survivors (14336K)
 Metaspace       used 79244K, capacity 80113K, committed 80384K, reserved 1120256K
  class space    used 8212K, capacity 8588K, committed 8704K, reserved 1048576K
}
Event: 23.515 GC heap after
{Heap after GC invocations=17 (full 0):
 garbage-first heap   total 303104K, used 143688K [0x000000070a000000, 0x0000000800000000)
  region size 1024K, 14 young (14336K), 14 survivors (14336K)
 Metaspace       used 79244K, capacity 80113K, committed 80384K, reserved 1120256K
  class space    used 8212K, capacity 8588K, committed 8704K, reserved 1048576K
}

Deoptimization events (20 events):
Event: 23.758 Thread 0x000001cd1d722000 Uncommon trap: trap_request=0xffffffc6 fr.pc=0x000001cd2ada6388 relative=0x0000000000006da8
Event: 23.758 Thread 0x000001cd1d722000 Uncommon trap: reason=bimorphic_or_optimized_type_check action=maybe_recompile pc=0x000001cd2ada6388 method=org.jetbrains.kotlin.resolve.OverridingUtil.allHasSameContainingDeclaration(Ljava/util/Collection;)Z @ 35 c2
Event: 23.758 Thread 0x000001cd1d722000 DEOPT PACKING pc=0x000001cd2ada6388 sp=0x0000004b539fb190
Event: 23.758 Thread 0x000001cd1d722000 DEOPT UNPACKING pc=0x000001cd22a5a1af sp=0x0000004b539fb110 mode 2
Event: 23.760 Thread 0x000001cd1d722000 Uncommon trap: trap_request=0xffffffc6 fr.pc=0x000001cd2adbf634 relative=0x00000000000050d4
Event: 23.760 Thread 0x000001cd1d722000 Uncommon trap: reason=bimorphic_or_optimized_type_check action=maybe_recompile pc=0x000001cd2adbf634 method=org.jetbrains.kotlin.resolve.OverridingUtil.allHasSameContainingDeclaration(Ljava/util/Collection;)Z @ 35 c2
Event: 23.760 Thread 0x000001cd1d722000 DEOPT PACKING pc=0x000001cd2adbf634 sp=0x0000004b539fb100
Event: 23.760 Thread 0x000001cd1d722000 DEOPT UNPACKING pc=0x000001cd22a5a1af sp=0x0000004b539fb100 mode 2
Event: 23.761 Thread 0x000001cd1d722000 Uncommon trap: trap_request=0xffffffc6 fr.pc=0x000001cd2ad864e4 relative=0x00000000000014e4
Event: 23.761 Thread 0x000001cd1d722000 Uncommon trap: reason=bimorphic_or_optimized_type_check action=maybe_recompile pc=0x000001cd2ad864e4 method=org.jetbrains.kotlin.resolve.OverridingUtil.allHasSameContainingDeclaration(Ljava/util/Collection;)Z @ 35 c2
Event: 23.761 Thread 0x000001cd1d722000 DEOPT PACKING pc=0x000001cd2ad864e4 sp=0x0000004b539fb100
Event: 23.761 Thread 0x000001cd1d722000 DEOPT UNPACKING pc=0x000001cd22a5a1af sp=0x0000004b539fb0f8 mode 2
Event: 23.766 Thread 0x000001cd1d722000 Uncommon trap: trap_request=0xffffffc6 fr.pc=0x000001cd2b04d768 relative=0x0000000000000588
Event: 23.766 Thread 0x000001cd1d722000 Uncommon trap: reason=bimorphic_or_optimized_type_check action=maybe_recompile pc=0x000001cd2b04d768 method=org.jetbrains.kotlin.descriptors.impl.FunctionDescriptorImpl.isInfix()Z @ 44 c2
Event: 23.767 Thread 0x000001cd1d722000 DEOPT PACKING pc=0x000001cd2b04d768 sp=0x0000004b539fb790
Event: 23.767 Thread 0x000001cd1d722000 DEOPT UNPACKING pc=0x000001cd22a5a1af sp=0x0000004b539fb728 mode 2
Event: 23.767 Thread 0x000001cd1d722000 Uncommon trap: trap_request=0xffffffc6 fr.pc=0x000001cd2b04d768 relative=0x0000000000000588
Event: 23.767 Thread 0x000001cd1d722000 Uncommon trap: reason=bimorphic_or_optimized_type_check action=maybe_recompile pc=0x000001cd2b04d768 method=org.jetbrains.kotlin.descriptors.impl.FunctionDescriptorImpl.isInfix()Z @ 44 c2
Event: 23.767 Thread 0x000001cd1d722000 DEOPT PACKING pc=0x000001cd2b04d768 sp=0x0000004b539fb710
Event: 23.767 Thread 0x000001cd1d722000 DEOPT UNPACKING pc=0x000001cd22a5a1af sp=0x0000004b539fb6b0 mode 2

Classes redefined (0 events):
No events

Internal exceptions (20 events):
Event: 15.730 Thread 0x000001cd1d722000 Implicit null exception at 0x000001cd2a9aa9fb to 0x000001cd2a9aacd0
Event: 15.730 Thread 0x000001cd1d722000 Implicit null exception at 0x000001cd2a625274 to 0x000001cd2a6254a4
Event: 17.132 Thread 0x000001cd1d722000 Implicit null exception at 0x000001cd2acf4690 to 0x000001cd2acf63b0
Event: 20.453 Thread 0x000001cd1d722000 Exception <a 'java/lang/NoSuchMethodError'{0x000000071bfc00e0}: 'java.lang.Object java.lang.invoke.DirectMethodHandle$Holder.invokeStaticInit(java.lang.Object, java.lang.Object, java.lang.Object, java.lang.Object)'> (0x000000071bfc00e0) thrown at [src/hotspot/share/interpreter/linkResolver.cpp, line 773]
Event: 20.637 Thread 0x000001cd1d722000 Exception <a 'java/lang/NoSuchMethodError'{0x000000071b556358}: 'int java.lang.invoke.DirectMethodHandle$Holder.invokeStaticInit(java.lang.Object, java.lang.Object, java.lang.Object, java.lang.Object)'> (0x000000071b556358) thrown at [src/hotspot/share/interpreter/linkResolver.cpp, line 773]
Event: 20.668 Thread 0x000001cd1d722000 Exception <a 'java/lang/NoSuchMethodError'{0x000000071b3d9530}: 'java.lang.Object java.lang.invoke.DirectMethodHandle$Holder.invokeStatic(java.lang.Object, java.lang.Object, java.lang.Object, int, int, java.lang.Object, java.lang.Object, java.lang.Object)'> (0x000000071b3d9530) thrown at [src/hotspot/share/interpreter/linkResolver.cpp, line 773]
Event: 20.669 Thread 0x000001cd1d722000 Exception <a 'java/lang/NoSuchMethodError'{0x000000071b3e3a68}: 'java.lang.Object java.lang.invoke.DirectMethodHandle$Holder.invokeStatic(java.lang.Object, java.lang.Object, java.lang.Object, int, int)'> (0x000000071b3e3a68) thrown at [src/hotspot/share/interpreter/linkResolver.cpp, line 773]
Event: 20.669 Thread 0x000001cd1d722000 Exception <a 'java/lang/NoSuchMethodError'{0x000000071b3e7248}: 'java.lang.Object java.lang.invoke.DirectMethodHandle$Holder.invokeSpecial(java.lang.Object, java.lang.Object, java.lang.Object, java.lang.Object, int, int)'> (0x000000071b3e7248) thrown at [src/hotspot/share/interpreter/linkResolver.cpp, line 773]
Event: 20.670 Thread 0x000001cd1d722000 Exception <a 'java/lang/NoSuchMethodError'{0x000000071b3ea350}: 'java.lang.Object java.lang.invoke.Invokers$Holder.linkToTargetMethod(java.lang.Object, java.lang.Object, int, int, java.lang.Object)'> (0x000000071b3ea350) thrown at [src/hotspot/share/interpreter/linkResolver.cpp, line 773]
Event: 20.684 Thread 0x000001cd1d722000 Exception <a 'java/lang/NoSuchMethodError'{0x000000071b2b0588}: 'java.lang.Object java.lang.invoke.DirectMethodHandle$Holder.invokeStatic(java.lang.Object, java.lang.Object, java.lang.Object, int, int, java.lang.Object, java.lang.Object)'> (0x000000071b2b0588) thrown at [src/hotspot/share/interpreter/linkResolver.cpp, line 773]
Event: 20.684 Thread 0x000001cd1d722000 Exception <a 'java/lang/NoSuchMethodError'{0x000000071b2b41a0}: 'java.lang.Object java.lang.invoke.DirectMethodHandle$Holder.invokeSpecial(java.lang.Object, java.lang.Object, java.lang.Object, java.lang.Object, int, int, java.lang.Object, java.lang.Object)'> (0x000000071b2b41a0) thrown at [src/hotspot/share/interpreter/linkResolver.cpp, line 773]
Event: 20.684 Thread 0x000001cd1d722000 Exception <a 'java/lang/NoSuchMethodError'{0x000000071b2b75b0}: 'java.lang.Object java.lang.invoke.Invokers$Holder.linkToTargetMethod(java.lang.Object, java.lang.Object, int, int, java.lang.Object, java.lang.Object, java.lang.Object)'> (0x000000071b2b75b0) thrown at [src/hotspot/share/interpreter/linkResolver.cpp, line 773]
Event: 20.690 Thread 0x000001cd1d722000 Exception <a 'java/lang/NoSuchMethodError'{0x000000071b104e90}: 'java.lang.Object java.lang.invoke.DirectMethodHandle$Holder.invokeStatic(java.lang.Object, java.lang.Object, java.lang.Object, int, int, java.lang.Object, java.lang.Object, java.lang.Object, java.lang.Object)'> (0x000000071b104e90) thrown at [src/hotspot/share/interpreter/linkResolver.cpp, line 773]
Event: 20.690 Thread 0x000001cd1d722000 Exception <a 'java/lang/NoSuchMethodError'{0x000000071b10cc88}: 'java.lang.Object java.lang.invoke.Invokers$Holder.linkToTargetMethod(java.lang.Object, java.lang.Object, int, int, java.lang.Object, java.lang.Object, java.lang.Object, java.lang.Object, java.lang.Object)'> (0x000000071b10cc88) thrown at [src/hotspot/share/interpreter/linkResolver.cpp, line 773]
Event: 21.082 Thread 0x000001cd1d722000 Exception <a 'java/lang/NoSuchMethodError'{0x000000071a11fe90}: 'java.lang.Object java.lang.invoke.DirectMethodHandle$Holder.invokeStatic(java.lang.Object, java.lang.Object, int, int, java.lang.Object, java.lang.Object, java.lang.Object)'> (0x000000071a11fe90) thrown at [src/hotspot/share/interpreter/linkResolver.cpp, line 773]
Event: 21.083 Thread 0x000001cd1d722000 Exception <a 'java/lang/NoSuchMethodError'{0x000000071a123a40}: 'java.lang.Object java.lang.invoke.DirectMethodHandle$Holder.invokeSpecial(java.lang.Object, java.lang.Object, java.lang.Object, int, int, java.lang.Object, java.lang.Object, java.lang.Object)'> (0x000000071a123a40) thrown at [src/hotspot/share/interpreter/linkResolver.cpp, line 773]
Event: 21.420 Thread 0x000001cd1d722000 Exception <a 'java/lang/NoSuchMethodError'{0x000000071948f8a0}: 'java.lang.Object java.lang.invoke.DirectMethodHandle$Holder.invokeStatic(java.lang.Object, java.lang.Object, java.lang.Object, int, int, java.lang.Object)'> (0x000000071948f8a0) thrown at [src/hotspot/share/interpreter/linkResolver.cpp, line 773]
Event: 21.421 Thread 0x000001cd1d722000 Exception <a 'java/lang/NoSuchMethodError'{0x0000000719493318}: 'java.lang.Object java.lang.invoke.DirectMethodHandle$Holder.invokeSpecial(java.lang.Object, java.lang.Object, java.lang.Object, java.lang.Object, int, int, java.lang.Object)'> (0x0000000719493318) thrown at [src/hotspot/share/interpreter/linkResolver.cpp, line 773]
Event: 21.421 Thread 0x000001cd1d722000 Exception <a 'java/lang/NoSuchMethodError'{0x0000000719496590}: 'java.lang.Object java.lang.invoke.Invokers$Holder.linkToTargetMethod(java.lang.Object, java.lang.Object, int, int, java.lang.Object, java.lang.Object)'> (0x0000000719496590) thrown at [src/hotspot/share/interpreter/linkResolver.cpp, line 773]
Event: 22.777 Thread 0x000001cd1d722000 Implicit null exception at 0x000001cd2ab7ec5e to 0x000001cd2ab7f1f0

Events (20 events):
Event: 23.674 loading class androidx/compose/compiler/plugins/kotlin/inference/ApplierInferencer$toLazyScheme$1$declaredSchemeOf$1$1
Event: 23.674 loading class androidx/compose/compiler/plugins/kotlin/inference/ApplierInferencer$toLazyScheme$1$declaredSchemeOf$1$1 done
Event: 23.676 loading class androidx/compose/compiler/plugins/kotlin/EmptyFunctionMetrics
Event: 23.676 loading class androidx/compose/compiler/plugins/kotlin/EmptyFunctionMetrics done
Event: 23.677 loading class androidx/compose/compiler/plugins/kotlin/FunctionMetrics
Event: 23.677 loading class androidx/compose/compiler/plugins/kotlin/FunctionMetrics done
Event: 23.682 loading class androidx/compose/compiler/plugins/kotlin/inference/Scheme$parametersStr$1
Event: 23.682 loading class androidx/compose/compiler/plugins/kotlin/inference/Scheme$parametersStr$1 done
Event: 23.683 loading class androidx/compose/compiler/plugins/kotlin/inference/Item
Event: 23.684 loading class androidx/compose/compiler/plugins/kotlin/inference/Item done
Event: 23.696 loading class androidx/compose/compiler/plugins/kotlin/inference/SchemeStringSerializationWriter
Event: 23.696 loading class androidx/compose/compiler/plugins/kotlin/inference/SchemeStringSerializationWriter done
Event: 23.699 loading class androidx/compose/compiler/plugins/kotlin/lower/InferenceFunctionCallType
Event: 23.699 loading class androidx/compose/compiler/plugins/kotlin/lower/InferenceFunctionCallType done
Event: 23.790 loading class androidx/compose/compiler/plugins/kotlin/lower/InferenceFunctionExpressionNode
Event: 23.790 loading class androidx/compose/compiler/plugins/kotlin/lower/InferenceFunctionExpressionNode done
Event: 23.800 Executing VM operation: ICBufferFull
Event: 23.800 Executing VM operation: ICBufferFull done
Event: 23.822 loading class androidx/compose/compiler/plugins/kotlin/lower/InferenceElementExpression
Event: 23.822 loading class androidx/compose/compiler/plugins/kotlin/lower/InferenceElementExpression done


Dynamic libraries:
0x00007ff71bb80000 - 0x00007ff71bb8a000 	E:\bIANCHENG\IDE\Toolbox\apps\AndroidStudio\ch-0\221.6008.13.2211.9477386\jbr\bin\java.exe
0x00007ff88a910000 - 0x00007ff88ab24000 	C:\Windows\SYSTEM32\ntdll.dll
0x00007ff8893e0000 - 0x00007ff8894a2000 	C:\Windows\System32\KERNEL32.DLL
0x00007ff888090000 - 0x00007ff888433000 	C:\Windows\System32\KERNELBASE.dll
0x00007ff8884b0000 - 0x00007ff8885c1000 	C:\Windows\System32\ucrtbase.dll
0x00007ff87a020000 - 0x00007ff87a037000 	E:\bIANCHENG\IDE\Toolbox\apps\AndroidStudio\ch-0\221.6008.13.2211.9477386\jbr\bin\jli.dll
0x00007ff87a3f0000 - 0x00007ff87a40b000 	E:\bIANCHENG\IDE\Toolbox\apps\AndroidStudio\ch-0\221.6008.13.2211.9477386\jbr\bin\VCRUNTIME140.dll
0x00007ff888ba0000 - 0x00007ff888d4b000 	C:\Windows\System32\USER32.dll
0x00007ff887f40000 - 0x00007ff887f66000 	C:\Windows\System32\win32u.dll
0x00007ff871bc0000 - 0x00007ff871e4e000 	C:\Windows\WinSxS\amd64_microsoft.windows.common-controls_6595b64144ccf1df_6.0.22621.1635_none_270f70857386168e\COMCTL32.dll
0x00007ff888e30000 - 0x00007ff888e59000 	C:\Windows\System32\GDI32.dll
0x00007ff887f70000 - 0x00007ff888088000 	C:\Windows\System32\gdi32full.dll
0x00007ff889f00000 - 0x00007ff889fa7000 	C:\Windows\System32\msvcrt.dll
0x00007ff887d30000 - 0x00007ff887dca000 	C:\Windows\System32\msvcp_win.dll
0x00007ff888710000 - 0x00007ff888741000 	C:\Windows\System32\IMM32.DLL
0x00007ff83ef70000 - 0x00007ff83effd000 	E:\bIANCHENG\IDE\Toolbox\apps\AndroidStudio\ch-0\221.6008.13.2211.9477386\jbr\bin\msvcp140.dll
0x00007ff85a730000 - 0x00007ff85a73c000 	C:\Windows\SYSTEM32\VCRUNTIME140_1.dll
0x00007ff863990000 - 0x00007ff86454c000 	E:\bIANCHENG\IDE\Toolbox\apps\AndroidStudio\ch-0\221.6008.13.2211.9477386\jbr\bin\server\jvm.dll
0x00007ff888e70000 - 0x00007ff888f1e000 	C:\Windows\System32\ADVAPI32.dll
0x00007ff889110000 - 0x00007ff8891b4000 	C:\Windows\System32\sechost.dll
0x00007ff8892c0000 - 0x00007ff8893d7000 	C:\Windows\System32\RPCRT4.dll
0x00007ff88a0d0000 - 0x00007ff88a0d8000 	C:\Windows\System32\PSAPI.DLL
0x00007ff87d850000 - 0x00007ff87d85a000 	C:\Windows\SYSTEM32\VERSION.dll
0x00007ff8856d0000 - 0x00007ff885704000 	C:\Windows\SYSTEM32\WINMM.dll
0x00007ff882d80000 - 0x00007ff882d89000 	C:\Windows\SYSTEM32\WSOCK32.dll
0x00007ff88a850000 - 0x00007ff88a8c1000 	C:\Windows\System32\WS2_32.dll
0x00007ff886e40000 - 0x00007ff886e58000 	C:\Windows\SYSTEM32\kernel.appcore.dll
0x00007ff882d90000 - 0x00007ff882da0000 	E:\bIANCHENG\IDE\Toolbox\apps\AndroidStudio\ch-0\221.6008.13.2211.9477386\jbr\bin\verify.dll
0x00007ff885480000 - 0x00007ff8856ae000 	C:\Windows\SYSTEM32\DBGHELP.DLL
0x00007ff888800000 - 0x00007ff888b89000 	C:\Windows\System32\combase.dll
0x00007ff888d50000 - 0x00007ff888e27000 	C:\Windows\System32\OLEAUT32.dll
0x00007ff885440000 - 0x00007ff885472000 	C:\Windows\SYSTEM32\dbgcore.DLL
0x00007ff888690000 - 0x00007ff88870b000 	C:\Windows\System32\bcryptPrimitives.dll
0x00007ff882500000 - 0x00007ff882528000 	E:\bIANCHENG\IDE\Toolbox\apps\AndroidStudio\ch-0\221.6008.13.2211.9477386\jbr\bin\java.dll
0x00007ff882d50000 - 0x00007ff882d5a000 	E:\bIANCHENG\IDE\Toolbox\apps\AndroidStudio\ch-0\221.6008.13.2211.9477386\jbr\bin\jimage.dll
0x00007ff881820000 - 0x00007ff881838000 	E:\bIANCHENG\IDE\Toolbox\apps\AndroidStudio\ch-0\221.6008.13.2211.9477386\jbr\bin\zip.dll
0x00007ff8894b0000 - 0x00007ff889caa000 	C:\Windows\System32\SHELL32.dll
0x00007ff885ce0000 - 0x00007ff8865ae000 	C:\Windows\SYSTEM32\windows.storage.dll
0x00007ff885ba0000 - 0x00007ff885cde000 	C:\Windows\SYSTEM32\wintypes.dll
0x00007ff8891c0000 - 0x00007ff8892b1000 	C:\Windows\System32\SHCORE.dll
0x00007ff889000000 - 0x00007ff88905e000 	C:\Windows\System32\shlwapi.dll
0x00007ff887c60000 - 0x00007ff887c81000 	C:\Windows\SYSTEM32\profapi.dll
0x00007ff881740000 - 0x00007ff881759000 	E:\bIANCHENG\IDE\Toolbox\apps\AndroidStudio\ch-0\221.6008.13.2211.9477386\jbr\bin\net.dll
0x00007ff880ef0000 - 0x00007ff881027000 	C:\Windows\SYSTEM32\WINHTTP.dll
0x00007ff8872b0000 - 0x00007ff887319000 	C:\Windows\system32\mswsock.dll
0x00007ff8814a0000 - 0x00007ff8814b3000 	E:\bIANCHENG\IDE\Toolbox\apps\AndroidStudio\ch-0\221.6008.13.2211.9477386\jbr\bin\nio.dll

dbghelp: loaded successfully - version: 4.0.5 - missing functions: none
symbol engine: initialized successfully - sym options: 0x614 - pdb path: .;E:\bIANCHENG\IDE\Toolbox\apps\AndroidStudio\ch-0\221.6008.13.2211.9477386\jbr\bin;C:\Windows\SYSTEM32;C:\Windows\WinSxS\amd64_microsoft.windows.common-controls_6595b64144ccf1df_6.0.22621.1635_none_270f70857386168e;E:\bIANCHENG\IDE\Toolbox\apps\AndroidStudio\ch-0\221.6008.13.2211.9477386\jbr\bin\server

VM Arguments:
java_command: org.jetbrains.kotlin.cli.jvm.K2JVMCompiler @E:\bIANCHENG\Project\Android\AndroidBigHomeWork\app\build\20230531_220599171738096031.compiler.options
java_class_path (initial): D:\.gradle\caches\modules-2\files-2.1\org.jetbrains.kotlin\kotlin-compiler-embeddable\1.7.21\a36688d6a38ea94ac3fce84e198ea2cb6c6a8e88\kotlin-compiler-embeddable-1.7.21.jar;D:\.gradle\caches\modules-2\files-2.1\org.jetbrains.kotlin\kotlin-reflect\1.7.21\ad6d09bc4db0eab1069112eea8ebea0be7be44f\kotlin-reflect-1.7.21.jar;D:\.gradle\caches\modules-2\files-2.1\org.jetbrains.kotlin\kotlin-stdlib\1.7.21\1a2eaf898a0dda83037034b10a42053cf8a7caf8\kotlin-stdlib-1.7.21.jar;D:\.gradle\caches\modules-2\files-2.1\org.jetbrains.kotlin\kotlin-script-runtime\1.7.21\b06d5c58297dccce2a0f69b0636804b0a73b3b9\kotlin-script-runtime-1.7.21.jar;D:\.gradle\caches\modules-2\files-2.1\org.jetbrains.kotlin\kotlin-daemon-embeddable\1.7.21\b94818f660cc50f5d39f04b6396ac38e4d3a9eb7\kotlin-daemon-embeddable-1.7.21.jar;D:\.gradle\caches\modules-2\files-2.1\org.jetbrains.intellij.deps\trove4j\1.0.20200330\3afb14d5f9ceb459d724e907a21145e8ff394f02\trove4j-1.0.20200330.jar;D:\.gradle\caches\modules-2\files-2.1\net.java.dev.jna\jna\5.6.0\330f2244e9030119ab3030fc3fededc86713d9cc\jna-5.6.0.jar;D:\.gradle\caches\modules-2\files-2.1\org.jetbrains.kotlin\kotlin-stdlib-common\1.7.21\cb02257de8e13e8498f8e2f69f742f2d438e794d\kotlin-stdlib-common-1.7.21.jar;D:\.gradle\caches\modules-2\files-2.1\org.jetbrains\annotations\13.0\919f0dfe192fb4e063e7dacadee7f8bb9a2672a9\annotations-13.0.jar
Launcher Type: SUN_STANDARD

[Global flags]
     intx CICompilerCount                          = 12                                        {product} {ergonomic}
     uint ConcGCThreads                            = 3                                         {product} {ergonomic}
     uint G1ConcRefinementThreads                  = 13                                        {product} {ergonomic}
   size_t G1HeapRegionSize                         = 1048576                                   {product} {ergonomic}
    uintx GCDrainStackTargetSize                   = 64                                        {product} {ergonomic}
   size_t InitialHeapSize                          = 257949696                                 {product} {ergonomic}
   size_t MarkStackSize                            = 4194304                                   {product} {ergonomic}
   size_t MaxHeapSize                              = 4127195136                                {product} {ergonomic}
   size_t MaxNewSize                               = 2475687936                                {product} {ergonomic}
   size_t MinHeapDeltaBytes                        = 1048576                                   {product} {ergonomic}
    uintx NonNMethodCodeHeapSize                   = 7594288                                {pd product} {ergonomic}
    uintx NonProfiledCodeHeapSize                  = 122031976                              {pd product} {ergonomic}
    uintx ProfiledCodeHeapSize                     = 122031976                              {pd product} {ergonomic}
    uintx ReservedCodeCacheSize                    = 251658240                              {pd product} {ergonomic}
     bool SegmentedCodeCache                       = true                                      {product} {ergonomic}
     bool UseCompressedClassPointers               = true                                 {lp64_product} {ergonomic}
     bool UseCompressedOops                        = true                                 {lp64_product} {ergonomic}
     bool UseG1GC                                  = true                                      {product} {ergonomic}
     bool UseLargePagesIndividualAllocation        = false                                  {pd product} {ergonomic}

Logging:
Log output configuration:
 #0: stdout all=warning uptime,level,tags
 #1: stderr all=off uptime,level,tags

Environment Variables:
JAVA_HOME=E:\bIANCHENG\Complier\java\java11SE
PATH=C:\Program Files\PlasticSCM5\server;C:\Program Files\PlasticSCM5\client;E:\cuda\CUDA Development\v10.0\bin;E:\cuda\CUDA Development\v10.0\libnvvp;C:\ProgramData\Oracle\Java\javapath;C:\Program Files (x86)\Common Files\Intel\Shared Libraries\redist\intel64\compiler;C:\Program Files\Common Files\Oracle\Java\javapath;C:\Windows\system32;C:\Windows;C:\Windows\System32\Wbem;C:\Windows\System32\WindowsPowerShell\v1.0\;C:\Windows\System32\OpenSSH\;E:\bIANCHENG\Complier\js\node_18_12_1\;C:\Program Files (x86)\gsudo\;E:\bIANCHENG\devTool\gitHubCli\;E:\bIANCHENG\Complier\texlive\2022\bin\win32;C:\Program Files (x86)\NVIDIA Corporation\PhysX\Common;E:\nvim\bin;C:\Program Files\NVIDIA Corporation\NVIDIA NvDLISR;C:\Program Files\dotnet\;C:\Users\14219\AppData\Local\Programs\Microsoft VS Code\bin;E:\bIANCHENG\Complier\Git\bin;E:\bIANCHENG\IDE\Microsoft VS Code\bin;E:\bIANCHENG\Complier\js\nodejs;E:\bIANCHENG\Complier\Python\py3_8_10;E:\bIANCHENG\Complier\Python\py3_8_10\Scripts;C:\Users\14219\AppData\Roaming\npm;E:\bIANCHENG\Complier\js\node_18_12_1\npm_global;C:\Users\14219\AppData\Local\Microsoft\WindowsApps;E:\bIANCHENG\Complier\C++\Qt5\5.12.10\mingw73_64\bin;E:\bIANCHENG\Complier\C++\Qt5\Tools\mingw730_64\bin;E:\bIANCHENG\Complier\C++\cmake\bin;E:\bIANCHENG\Complier\C++\mingw64\bin;C:\Users\14219\AppData\Local\Programs\oh-my-posh\bin;E:\bIANCHENG\IDE\WebStorm 2022.2.3\bin;C:\Users\14219\AppData\Local\JetBrains\Toolbox\scripts;E:\ffmpeg\bin;E:\bIANCHENG\Complier\texlive\2022\bin\win32;E:\bIANCHENG\Complier\PhP\php-8.2.3-Win32-vs16-x64;D:\Anaconda3;D:\Anaconda3\Scripts;D:\Anaconda3\Library\bin;E:\bIANCHENG\Complier\PhP\php-8.2.3-Win32-vs16-x64;C:\Program Files\NVIDIA GPU Computing Toolkit\CUDA\v10.0\bin;E:\nvim\bin;C:\Users\14219\AppData\Lo;E:\bIANCHENG\devTool\platform-tools;C:\Users\14219\.dotnet\tools
USERNAME=14219
OS=Windows_NT
PROCESSOR_IDENTIFIER=AMD64 Family 23 Model 96 Stepping 1, AuthenticAMD



---------------  S Y S T E M  ---------------

OS: Windows 11 , 64 bit Build 22621 (10.0.22621.1635)
OS uptime: 0 days 12:50 hours
Hyper-V role detected

CPU:total 16 (initial active 16) (16 cores per cpu, 2 threads per core) family 23 model 96 stepping 1 microcode 0x0, cmov, cx8, fxsr, mmx, sse, sse2, sse3, ssse3, sse4.1, sse4.2, popcnt, avx, avx2, aes, clmul, mmxext, 3dnowpref, lzcnt, sse4a, ht, tsc, tscinvbit, tscinv, bmi1, bmi2, adx, sha, fma

Memory: 4k page, system-wide physical 15742M (2823M free)
TotalPageFile size 17144M (AvailPageFile size 5M)
current process WorkingSet (physical memory assigned to process): 600M, peak: 600M
current process commit charge ("private bytes"): 655M, peak: 656M

vm_info: OpenJDK 64-Bit Server VM (11.0.15+0-b2043.56-8887301) for windows-amd64 JRE (11.0.15+0-b2043.56-8887301), built on Jul 29 2022 23:19:47 by "builduser" with unknown MS VC++:1929

END.
