#
# There is insufficient memory for the Java Runtime Environment to continue.
# Native memory allocation (mmap) failed to map 257949696 bytes for Failed to commit area from 0x000000070a000000 to 0x0000000719600000 of length 257949696.
# Possible reasons:
#   The system is out of physical RAM or swap space
#   The process is running with CompressedOops enabled, and the Java Heap may be blocking the growth of the native heap
# Possible solutions:
#   Reduce memory load on the system
#   Increase physical memory or swap space
#   Check if swap backing store is full
#   Decrease Java heap size (-Xmx/-Xms)
#   Decrease number of Java threads
#   Decrease Java thread stack sizes (-Xss)
#   Set larger code cache with -XX:ReservedCodeCacheSize=
# This output file may be truncated or incomplete.
#
#  Out of Memory Error (src/hotspot/os/windows/os_windows.cpp:3627), pid=13584, tid=18540
#
# JRE version:  (11.0.15) (build )
# Java VM: OpenJDK 64-Bit Server VM (11.0.15+0-b2043.56-8887301, mixed mode, sharing, tiered, compressed oops, g1 gc, windows-amd64)
# No core dump will be written. Minidumps are not enabled by default on client versions of Windows
#

---------------  S U M M A R Y ------------

Command Line: org.jetbrains.kotlin.cli.jvm.K2JVMCompiler @E:\bIANCHENG\Project\Android\AndroidBigHomeWork\app\build\20230531_15357589587516872415.compiler.options

Host: AMD Ryzen 7 4800H with Radeon Graphics         , 16 cores, 15G,  Windows 11 , 64 bit Build 22621 (10.0.22621.1635)
Time: Wed May 31 10:54:20 2023  Windows 11 , 64 bit Build 22621 (10.0.22621.1635) elapsed time: 0.016904 seconds (0d 0h 0m 0s)

---------------  T H R E A D  ---------------

Current thread (0x000001afe33d4000):  JavaThread "Unknown thread" [_thread_in_vm, id=18540, stack(0x000000a829700000,0x000000a829800000)]

Stack: [0x000000a829700000,0x000000a829800000]
Native frames: (J=compiled Java code, j=interpreted, Vv=VM code, C=native code)
V  [jvm.dll+0x64135a]
V  [jvm.dll+0x7d39f9]
V  [jvm.dll+0x7d51b9]
V  [jvm.dll+0x7d58a3]
V  [jvm.dll+0x2691c5]
V  [jvm.dll+0x63e4e9]
V  [jvm.dll+0x632985]
V  [jvm.dll+0x3231ac]
V  [jvm.dll+0x323032]
V  [jvm.dll+0x327c06]
V  [jvm.dll+0x36ffa2]
V  [jvm.dll+0x36fa01]
V  [jvm.dll+0x2fea28]
V  [jvm.dll+0x2ffb25]
V  [jvm.dll+0x7accd7]
V  [jvm.dll+0x7ae49f]
V  [jvm.dll+0x37d299]
V  [jvm.dll+0x78ef9f]
V  [jvm.dll+0x3ec847]
V  [jvm.dll+0x3eed31]
C  [jli.dll+0x52cb]
C  [ucrtbase.dll+0x29363]
C  [KERNEL32.DLL+0x126ad]
C  [ntdll.dll+0x5a9f8]


---------------  P R O C E S S  ---------------

Threads class SMR info:
_java_thread_list=0x000001afe1129190, length=0, elements={
}

Java Threads: ( => current thread )

Other Threads:
  0x000001afe33eb800 GCTaskThread "GC Thread#0" [stack: 0x000000a829800000,0x000000a829900000] [id=15000]
  0x000001afe3447000 ConcurrentGCThread "G1 Main Marker" [stack: 0x000000a829900000,0x000000a829a00000] [id=7900]
  0x000001afe344b000 ConcurrentGCThread "G1 Conc#0" [stack: 0x000000a829a00000,0x000000a829b00000] [id=13188]

[error occurred during error reporting (printing all threads), id 0xc0000005, EXCEPTION_ACCESS_VIOLATION (0xc0000005) at pc=0x00007ff863c9f3e7]

VM state:not at safepoint (not fully initialized)

VM Mutex/Monitor currently owned by a thread:  ([mutex/lock_event])
[0x000001afe33d1650] Heap_lock - owner thread: 0x000001afe33d4000

Heap address: 0x000000070a000000, size: 3936 MB, Compressed Oops mode: Non-zero based: 0x000000070a000000
Narrow klass base: 0x0000000000000000, Narrow klass shift: 0

GC Heap History (0 events):
No events

Deoptimization events (0 events):
No events

Classes redefined (0 events):
No events

Internal exceptions (0 events):
No events

Events (1 events):
Event: 0.011 Loaded shared library E:\bIANCHENG\IDE\Toolbox\apps\AndroidStudio\ch-0\221.6008.13.2211.9477386\jbr\bin\zip.dll


Dynamic libraries:
0x00007ff71bb80000 - 0x00007ff71bb8a000 	E:\bIANCHENG\IDE\Toolbox\apps\AndroidStudio\ch-0\221.6008.13.2211.9477386\jbr\bin\java.exe
0x00007ff88a910000 - 0x00007ff88ab24000 	C:\Windows\SYSTEM32\ntdll.dll
0x00007ff8893e0000 - 0x00007ff8894a2000 	C:\Windows\System32\KERNEL32.DLL
0x00007ff888090000 - 0x00007ff888433000 	C:\Windows\System32\KERNELBASE.dll
0x00007ff8884b0000 - 0x00007ff8885c1000 	C:\Windows\System32\ucrtbase.dll
0x00007ff879ce0000 - 0x00007ff879cf7000 	E:\bIANCHENG\IDE\Toolbox\apps\AndroidStudio\ch-0\221.6008.13.2211.9477386\jbr\bin\jli.dll
0x00007ff87a020000 - 0x00007ff87a03b000 	E:\bIANCHENG\IDE\Toolbox\apps\AndroidStudio\ch-0\221.6008.13.2211.9477386\jbr\bin\VCRUNTIME140.dll
0x00007ff888ba0000 - 0x00007ff888d4b000 	C:\Windows\System32\USER32.dll
0x00007ff887f40000 - 0x00007ff887f66000 	C:\Windows\System32\win32u.dll
0x00007ff888e30000 - 0x00007ff888e59000 	C:\Windows\System32\GDI32.dll
0x00007ff887f70000 - 0x00007ff888088000 	C:\Windows\System32\gdi32full.dll
0x00007ff871bc0000 - 0x00007ff871e4e000 	C:\Windows\WinSxS\amd64_microsoft.windows.common-controls_6595b64144ccf1df_6.0.22621.1635_none_270f70857386168e\COMCTL32.dll
0x00007ff887d30000 - 0x00007ff887dca000 	C:\Windows\System32\msvcp_win.dll
0x00007ff889f00000 - 0x00007ff889fa7000 	C:\Windows\System32\msvcrt.dll
0x00007ff888710000 - 0x00007ff888741000 	C:\Windows\System32\IMM32.DLL
0x00007ff8655e0000 - 0x00007ff86566d000 	E:\bIANCHENG\IDE\Toolbox\apps\AndroidStudio\ch-0\221.6008.13.2211.9477386\jbr\bin\msvcp140.dll
0x00007ff85a730000 - 0x00007ff85a73c000 	C:\Windows\SYSTEM32\VCRUNTIME140_1.dll
0x00007ff863990000 - 0x00007ff86454c000 	E:\bIANCHENG\IDE\Toolbox\apps\AndroidStudio\ch-0\221.6008.13.2211.9477386\jbr\bin\server\jvm.dll
0x00007ff888e70000 - 0x00007ff888f1e000 	C:\Windows\System32\ADVAPI32.dll
0x00007ff889110000 - 0x00007ff8891b4000 	C:\Windows\System32\sechost.dll
0x00007ff8892c0000 - 0x00007ff8893d7000 	C:\Windows\System32\RPCRT4.dll
0x00007ff88a0d0000 - 0x00007ff88a0d8000 	C:\Windows\System32\PSAPI.DLL
0x00007ff8856d0000 - 0x00007ff885704000 	C:\Windows\SYSTEM32\WINMM.dll
0x00007ff882d80000 - 0x00007ff882d89000 	C:\Windows\SYSTEM32\WSOCK32.dll
0x00007ff87d850000 - 0x00007ff87d85a000 	C:\Windows\SYSTEM32\VERSION.dll
0x00007ff88a850000 - 0x00007ff88a8c1000 	C:\Windows\System32\WS2_32.dll
0x00007ff886e40000 - 0x00007ff886e58000 	C:\Windows\SYSTEM32\kernel.appcore.dll
0x00007ff882d90000 - 0x00007ff882da0000 	E:\bIANCHENG\IDE\Toolbox\apps\AndroidStudio\ch-0\221.6008.13.2211.9477386\jbr\bin\verify.dll
0x00007ff885480000 - 0x00007ff8856ae000 	C:\Windows\SYSTEM32\DBGHELP.DLL
0x00007ff888800000 - 0x00007ff888b89000 	C:\Windows\System32\combase.dll
0x00007ff888d50000 - 0x00007ff888e27000 	C:\Windows\System32\OLEAUT32.dll
0x00007ff885440000 - 0x00007ff885472000 	C:\Windows\SYSTEM32\dbgcore.DLL
0x00007ff888690000 - 0x00007ff88870b000 	C:\Windows\System32\bcryptPrimitives.dll
0x00007ff882500000 - 0x00007ff882528000 	E:\bIANCHENG\IDE\Toolbox\apps\AndroidStudio\ch-0\221.6008.13.2211.9477386\jbr\bin\java.dll
0x00007ff882d50000 - 0x00007ff882d5a000 	E:\bIANCHENG\IDE\Toolbox\apps\AndroidStudio\ch-0\221.6008.13.2211.9477386\jbr\bin\jimage.dll
0x00007ff881820000 - 0x00007ff881838000 	E:\bIANCHENG\IDE\Toolbox\apps\AndroidStudio\ch-0\221.6008.13.2211.9477386\jbr\bin\zip.dll

dbghelp: loaded successfully - version: 4.0.5 - missing functions: none
symbol engine: initialized successfully - sym options: 0x614 - pdb path: .;E:\bIANCHENG\IDE\Toolbox\apps\AndroidStudio\ch-0\221.6008.13.2211.9477386\jbr\bin;C:\Windows\SYSTEM32;C:\Windows\WinSxS\amd64_microsoft.windows.common-controls_6595b64144ccf1df_6.0.22621.1635_none_270f70857386168e;E:\bIANCHENG\IDE\Toolbox\apps\AndroidStudio\ch-0\221.6008.13.2211.9477386\jbr\bin\server

VM Arguments:
java_command: org.jetbrains.kotlin.cli.jvm.K2JVMCompiler @E:\bIANCHENG\Project\Android\AndroidBigHomeWork\app\build\20230531_15357589587516872415.compiler.options
java_class_path (initial): D:\.gradle\caches\modules-2\files-2.1\org.jetbrains.kotlin\kotlin-compiler-embeddable\1.7.21\a36688d6a38ea94ac3fce84e198ea2cb6c6a8e88\kotlin-compiler-embeddable-1.7.21.jar;D:\.gradle\caches\modules-2\files-2.1\org.jetbrains.kotlin\kotlin-reflect\1.7.21\ad6d09bc4db0eab1069112eea8ebea0be7be44f\kotlin-reflect-1.7.21.jar;D:\.gradle\caches\modules-2\files-2.1\org.jetbrains.kotlin\kotlin-stdlib\1.7.21\1a2eaf898a0dda83037034b10a42053cf8a7caf8\kotlin-stdlib-1.7.21.jar;D:\.gradle\caches\modules-2\files-2.1\org.jetbrains.kotlin\kotlin-script-runtime\1.7.21\b06d5c58297dccce2a0f69b0636804b0a73b3b9\kotlin-script-runtime-1.7.21.jar;D:\.gradle\caches\modules-2\files-2.1\org.jetbrains.kotlin\kotlin-daemon-embeddable\1.7.21\b94818f660cc50f5d39f04b6396ac38e4d3a9eb7\kotlin-daemon-embeddable-1.7.21.jar;D:\.gradle\caches\modules-2\files-2.1\org.jetbrains.intellij.deps\trove4j\1.0.20200330\3afb14d5f9ceb459d724e907a21145e8ff394f02\trove4j-1.0.20200330.jar;D:\.gradle\caches\modules-2\files-2.1\net.java.dev.jna\jna\5.6.0\330f2244e9030119ab3030fc3fededc86713d9cc\jna-5.6.0.jar;D:\.gradle\caches\modules-2\files-2.1\org.jetbrains.kotlin\kotlin-stdlib-common\1.7.21\cb02257de8e13e8498f8e2f69f742f2d438e794d\kotlin-stdlib-common-1.7.21.jar;D:\.gradle\caches\modules-2\files-2.1\org.jetbrains\annotations\13.0\919f0dfe192fb4e063e7dacadee7f8bb9a2672a9\annotations-13.0.jar
Launcher Type: SUN_STANDARD

[Global flags]
     intx CICompilerCount                          = 12                                        {product} {ergonomic}
     uint ConcGCThreads                            = 3                                         {product} {ergonomic}
     uint G1ConcRefinementThreads                  = 13                                        {product} {ergonomic}
   size_t G1HeapRegionSize                         = 1048576                                   {product} {ergonomic}
    uintx GCDrainStackTargetSize                   = 64                                        {product} {ergonomic}
   size_t InitialHeapSize                          = 257949696                                 {product} {ergonomic}
   size_t MarkStackSize                            = 4194304                                   {product} {ergonomic}
   size_t MaxHeapSize                              = 4127195136                                {product} {ergonomic}
   size_t MinHeapDeltaBytes                        = 1048576                                   {product} {ergonomic}
    uintx NonNMethodCodeHeapSize                   = 7594288                                {pd product} {ergonomic}
    uintx NonProfiledCodeHeapSize                  = 122031976                              {pd product} {ergonomic}
    uintx ProfiledCodeHeapSize                     = 122031976                              {pd product} {ergonomic}
    uintx ReservedCodeCacheSize                    = 251658240                              {pd product} {ergonomic}
     bool SegmentedCodeCache                       = true                                      {product} {ergonomic}
     bool UseCompressedClassPointers               = true                                 {lp64_product} {ergonomic}
     bool UseCompressedOops                        = true                                 {lp64_product} {ergonomic}
     bool UseG1GC                                  = true                                      {product} {ergonomic}
     bool UseLargePagesIndividualAllocation        = false                                  {pd product} {ergonomic}

Logging:
Log output configuration:
 #0: stdout all=warning uptime,level,tags
 #1: stderr all=off uptime,level,tags

Environment Variables:
JAVA_HOME=E:\bIANCHENG\Complier\java\java11SE
PATH=C:\Program Files\PlasticSCM5\server;C:\Program Files\PlasticSCM5\client;E:\cuda\CUDA Development\v10.0\bin;E:\cuda\CUDA Development\v10.0\libnvvp;C:\ProgramData\Oracle\Java\javapath;C:\Program Files (x86)\Common Files\Intel\Shared Libraries\redist\intel64\compiler;C:\Program Files\Common Files\Oracle\Java\javapath;C:\Windows\system32;C:\Windows;C:\Windows\System32\Wbem;C:\Windows\System32\WindowsPowerShell\v1.0\;C:\Windows\System32\OpenSSH\;E:\bIANCHENG\Complier\js\node_18_12_1\;C:\Program Files (x86)\gsudo\;E:\bIANCHENG\devTool\gitHubCli\;E:\bIANCHENG\Complier\texlive\2022\bin\win32;C:\Program Files (x86)\NVIDIA Corporation\PhysX\Common;E:\nvim\bin;C:\Program Files\NVIDIA Corporation\NVIDIA NvDLISR;C:\Program Files\dotnet\;C:\Users\14219\AppData\Local\Programs\Microsoft VS Code\bin;E:\bIANCHENG\Complier\Git\bin;E:\bIANCHENG\IDE\Microsoft VS Code\bin;E:\bIANCHENG\Complier\js\nodejs;E:\bIANCHENG\Complier\Python\py3_8_10;E:\bIANCHENG\Complier\Python\py3_8_10\Scripts;C:\Users\14219\AppData\Roaming\npm;E:\bIANCHENG\Complier\js\node_18_12_1\npm_global;C:\Users\14219\AppData\Local\Microsoft\WindowsApps;E:\bIANCHENG\Complier\C++\Qt5\5.12.10\mingw73_64\bin;E:\bIANCHENG\Complier\C++\Qt5\Tools\mingw730_64\bin;E:\bIANCHENG\Complier\C++\cmake\bin;E:\bIANCHENG\Complier\C++\mingw64\bin;C:\Users\14219\AppData\Local\Programs\oh-my-posh\bin;E:\bIANCHENG\IDE\WebStorm 2022.2.3\bin;C:\Users\14219\AppData\Local\JetBrains\Toolbox\scripts;E:\ffmpeg\bin;E:\bIANCHENG\Complier\texlive\2022\bin\win32;E:\bIANCHENG\Complier\PhP\php-8.2.3-Win32-vs16-x64;D:\Anaconda3;D:\Anaconda3\Scripts;D:\Anaconda3\Library\bin;E:\bIANCHENG\Complier\PhP\php-8.2.3-Win32-vs16-x64;C:\Program Files\NVIDIA GPU Computing Toolkit\CUDA\v10.0\bin;E:\nvim\bin;C:\Users\14219\AppData\Lo;E:\bIANCHENG\devTool\platform-tools;C:\Users\14219\.dotnet\tools
USERNAME=14219
OS=Windows_NT
PROCESSOR_IDENTIFIER=AMD64 Family 23 Model 96 Stepping 1, AuthenticAMD



---------------  S Y S T E M  ---------------

OS: Windows 11 , 64 bit Build 22621 (10.0.22621.1635)
OS uptime: 0 days 12:47 hours
Hyper-V role detected

CPU:total 16 (initial active 16) (16 cores per cpu, 2 threads per core) family 23 model 96 stepping 1 microcode 0x0, cmov, cx8, fxsr, mmx, sse, sse2, sse3, ssse3, sse4.1, sse4.2, popcnt, avx, avx2, aes, clmul, mmxext, 3dnowpref, lzcnt, sse4a, ht, tsc, tscinvbit, tscinv, bmi1, bmi2, adx, sha, fma

Memory: 4k page, system-wide physical 15742M (2929M free)
TotalPageFile size 17149M (AvailPageFile size 129M)
current process WorkingSet (physical memory assigned to process): 11M, peak: 11M
current process commit charge ("private bytes"): 71M, peak: 317M

vm_info: OpenJDK 64-Bit Server VM (11.0.15+0-b2043.56-8887301) for windows-amd64 JRE (11.0.15+0-b2043.56-8887301), built on Jul 29 2022 23:19:47 by "builduser" with unknown MS VC++:1929

END.
